# Edge-Proto v1.1
2025-03-01T10:20:00Z,4662,POST,/index.html,302,1560,1571,65,cubic,q046,HIT
2025-03-01T10:20:00Z,2714,DELETE,/index.html,404,1574,2781,30,cubic,q043,HIT
2025-03-01T10:20:02Z,8969,POST,/api/user,301,1988,3552,34,cubic,q043,HIT
2025-03-01T10:20:03Z,7203,POST,/download/report.pdf,206,6059,76905,40,bbr,q043,MISS
2025-03-01T10:20:04Z,6435,POST,/assets/style.css,302,1305,1190,92,bbr,q050,MISS
2025-03-01T10:20:05Z,2471,POST,/assets/style.css,403,1216,676,20,bbr,q050,HIT
2025-03-01T10:20:06Z,5637,GET,/upload,200,7157,32871,36,bbr,q046,HIT
2025-03-01T10:20:08Z,2414,POST,/download/report.pdf,301,1143,1712,77,bbr,q043,HIT
2025-03-01T10:20:09Z,2048,GET,/api/user,302,714,400,55,cubic,q043,HIT
2025-03-01T10:20:07Z,1664,PUT,/api/user,400,563,3349,49,bbr,q050,HIT
2025-03-01T10:20:09Z,994,POST,/index.html,503,238,848,65,cubic,q046,BYPASS
2025-03-01T10:20:09Z,1567,POST,/assets/style.css,503,1921,447,10,bbr,q043,BYPASS
2025-03-01T10:20:13Z,6163,GET,/api/user,301,1420,557,68,cubic,q050,HIT
2025-03-01T10:20:11Z,9930,GET,/download/report.pdf,301,285,3076,87,bbr,q043,HIT
2025-03-01T10:20:15Z,1740,PUT,/image/banner.jpg,401,428,1588,48,bbr,q046,HIT
2025-03-01T10:20:15Z,9571,DELETE,/api/order,301,1368,3767,43,cubic,q043,HIT
2025-03-01T10:20:18Z,9912,GET,/,401,377,2638,58,cubic,q050,HIT
2025-03-01T10:20:14Z,9156,GET,/image/banner.jpg,206,1740,45401,48,cubic,q050,HIT
2025-03-01T10:20:19Z,6118,PUT,/assets/style.css,500,268,571,55,cubic,q043,MISS
2025-03-01T10:20:19Z,3198,DELETE,/api/user,302,1013,2805,63,cubic,q046,HIT
2025-03-01T10:20:16Z,8408,DELETE,/assets/style.css,403,1380,943,23,bbr,q046,HIT
2025-03-01T10:20:17Z,764,GET,/download/report.pdf,302,1414,4240,1,cubic,q043,HIT
2025-03-01T10:20:23Z,5718,PUT,/api/user,200,2976,33936,35,cubic,q043,HIT
2025-03-01T10:20:26Z,3948,GET,/assets/style.css,200,4245,47389,24,bbr,q046,HIT
2025-03-01T10:20:27Z,211,PUT,/index.html,302,1466,3254,89,bbr,q046,HIT
2025-03-01T10:20:20Z,4447,POST,/image/banner.jpg,500,763,4457,41,cubic,q043,MISS
2025-03-01T10:20:29Z,8369,DELETE,/login,200,1692,3538,27,cubic,q050,HIT
2025-03-01T10:20:27Z,9806,PUT,/assets/app.js,301,799,508,60,cubic,q050,HIT
2025-03-01T10:20:27Z,3612,PUT,/image/banner.jpg,301,596,1711,74,bbr,q050,MISS
2025-03-01T10:20:30Z,1342,PUT,/login,400,1486,1300,83,cubic,q043,HIT
2025-03-01T10:20:32Z,3934,GET,/assets/style.css,500,1369,4063,39,bbr,q043,HIT
2025-03-01T10:20:31Z,3605,DELETE,/assets/style.css,200,4013,56085,38,cubic,q043,HIT
2025-03-01T10:20:35Z,3332,DELETE,/api/user,206,1909,50120,47,bbr,q050,HIT
2025-03-01T10:20:28Z,1924,GET,/api/user,401,789,1903,62,bbr,q043,HIT
2025-03-01T10:20:28Z,6977,DELETE,/image/banner.jpg,302,314,2382,47,bbr,q043,HIT
2025-03-01T10:20:34Z,427,PUT,/upload,403,1777,3328,74,cubic,q046,HIT
2025-03-01T10:20:29Z,5787,DELETE,/login,301,404,3395,89,bbr,q046,MISS
2025-03-01T10:20:34Z,8777,PUT,/login,502,563,3984,70,cubic,q046,HIT
2025-03-01T10:20:43Z,1620,PUT,/download/report.pdf,500,708,2035,51,bbr,q046,BYPASS
2025-03-01T10:20:33Z,2320,DELETE,/assets/app.js,206,1804,30555,21,bbr,q046,HIT
2025-03-01T10:20:40Z,2889,PUT,/image/banner.jpg,302,338,3283,63,cubic,q050,HIT
2025-03-01T10:20:38Z,8172,POST,/download/report.pdf,503,264,3966,64,cubic,q043,HIT
2025-03-01T10:20:39Z,8352,POST,/assets/style.css,200,6485,11413,47,cubic,q043,MISS
2025-03-01T10:20:45Z,2623,PUT,/login,502,540,4285,67,cubic,q046,HIT
2025-03-01T10:20:40Z,7645,PUT,/upload,429,670,2634,82,bbr,q050,HIT
2025-03-01T10:20:37Z,70,POST,/api/user,401,697,3649,74,bbr,q050,HIT
2025-03-01T10:20:49Z,118,PUT,/api/user,400,1328,3078,50,bbr,q043,HIT
2025-03-01T10:20:49Z,3072,PUT,/api/user,429,409,2024,31,cubic,q043,HIT
2025-03-01T10:20:47Z,4548,PUT,/api/order,206,7937,19352,16,bbr,q046,HIT
2025-03-01T10:20:39Z,8399,PUT,/api/order,500,1650,4468,56,bbr,q043,MISS
2025-03-01T10:20:43Z,4554,GET,/assets/app.js,200,1389,73333,19,cubic,q046,HIT
2025-03-01T10:20:57Z,6151,GET,/download/report.pdf,200,2704,77692,34,bbr,q050,BYPASS
2025-03-01T10:20:56Z,1743,POST,/,206,1148,48375,43,cubic,q050,HIT
2025-03-01T10:20:54Z,9297,PUT,/assets/app.js,302,1948,3110,51,cubic,q043,BYPASS
2025-03-01T10:20:53Z,2101,GET,/assets/app.js,403,1974,943,55,cubic,q046,HIT
2025-03-01T10:21:03Z,5095,POST,/api/user,301,1938,4593,38,bbr,q046,MISS
2025-03-01T10:20:55Z,8428,POST,/api/order,206,2911,836,48,cubic,q046,HIT
2025-03-01T10:21:03Z,9501,DELETE,/assets/style.css,500,668,4921,53,bbr,q050,BYPASS
2025-03-01T10:21:00Z,3356,POST,/assets/style.css,401,1343,4628,66,cubic,q043,BYPASS
2025-03-01T10:21:03Z,6011,POST,/download/report.pdf,206,9925,26702,23,cubic,q043,HIT
2025-03-01T10:21:11Z,1541,GET,/image/banner.jpg,206,7386,7304,22,bbr,q043,MISS
2025-03-01T10:21:07Z,5360,GET,/download/report.pdf,503,558,287,57,cubic,q046,HIT
2025-03-01T10:21:02Z,1907,DELETE,/api/order,400,1541,1430,73,cubic,q050,MISS
2025-03-01T10:20:55Z,7076,POST,/login,301,268,3274,59,cubic,q046,HIT
2025-03-01T10:21:09Z,4890,POST,/api/user,500,1835,3251,87,bbr,q046,HIT
2025-03-01T10:21:07Z,5446,GET,/,301,429,971,98,bbr,q043,HIT
2025-03-01T10:21:10Z,6716,DELETE,/api/user,429,1477,529,75,cubic,q050,HIT
2025-03-01T10:21:18Z,330,PUT,/assets/style.css,301,1819,3334,64,cubic,q043,BYPASS
2025-03-01T10:20:56Z,8076,POST,/api/order,200,8818,11259,27,bbr,q043,MISS
2025-03-01T10:21:20Z,7177,DELETE,/assets/style.css,200,5166,33526,19,bbr,q043,HIT
2025-03-01T10:21:03Z,1216,POST,/assets/style.css,206,5134,7418,40,cubic,q043,BYPASS
2025-03-01T10:20:58Z,9761,DELETE,/index.html,500,1176,2506,76,cubic,q050,MISS
2025-03-01T10:21:22Z,1311,GET,/login,200,6890,64269,33,bbr,q050,MISS
2025-03-01T10:21:09Z,7533,GET,/assets/style.css,503,1011,4044,83,bbr,q046,HIT
2025-03-01T10:21:06Z,8818,GET,/login,429,1217,2023,83,cubic,q050,MISS
2025-03-01T10:21:17Z,3318,GET,/image/banner.jpg,429,1738,3334,55,bbr,q046,BYPASS
2025-03-01T10:21:12Z,9198,DELETE,/assets/app.js,301,394,1485,72,bbr,q043,HIT
2025-03-01T10:21:19Z,9847,GET,/assets/style.css,200,2156,39853,26,bbr,q050,HIT
2025-03-01T10:21:17Z,4391,PUT,/upload,502,143,1642,74,bbr,q043,HIT
2025-03-01T10:21:13Z,7747,POST,/download/report.pdf,500,741,3408,28,cubic,q050,HIT
2025-03-01T10:21:11Z,3739,POST,/index.html,200,3445,22658,34,bbr,q046,HIT
2025-03-01T10:21:17Z,9098,POST,/assets/app.js,401,1638,1957,92,cubic,q046,BYPASS
2025-03-01T10:21:19Z,618,POST,/upload,400,1136,1685,75,bbr,q046,HIT
2025-03-01T10:21:07Z,2055,DELETE,/download/report.pdf,403,1268,3959,96,bbr,q043,BYPASS
2025-03-01T10:21:18Z,3534,PUT,/login,206,3350,15490,32,bbr,q050,HIT
2025-03-01T10:21:15Z,7021,GET,/index.html,404,446,544,58,cubic,q046,MISS
2025-03-01T10:21:29Z,7595,PUT,/login,401,1189,2677,19,cubic,q043,HIT
2025-03-01T10:21:21Z,1384,GET,/index.html,301,441,1127,82,bbr,q043,HIT
2025-03-01T10:21:35Z,9823,POST,/api/user,302,1690,1518,29,cubic,q046,MISS
2025-03-01T10:21:32Z,5665,DELETE,/assets/style.css,200,8925,55612,1,cubic,q043,HIT
2025-03-01T10:21:38Z,6290,POST,/upload,200,5726,57171,38,cubic,q046,MISS
2025-03-01T10:21:43Z,2699,DELETE,/,404,1605,808,92,cubic,q050,HIT
2025-03-01T10:21:14Z,3816,GET,/assets/app.js,503,522,2694,76,bbr,q043,HIT
2025-03-01T10:21:22Z,6717,DELETE,/upload,301,831,690,6,bbr,q050,HIT
2025-03-01T10:21:19Z,1854,GET,/assets/style.css,500,1917,1876,50,cubic,q050,MISS
2025-03-01T10:21:18Z,6988,PUT,/assets/style.css,503,166,2421,30,cubic,q050,HIT
2025-03-01T10:21:48Z,5499,DELETE,/image/banner.jpg,401,323,116,24,bbr,q043,HIT
2025-03-01T10:21:17Z,68,PUT,/image/banner.jpg,200,704,23773,1,cubic,q043,BYPASS
2025-03-01T10:21:39Z,3049,DELETE,/,500,744,2565,68,bbr,q043,MISS
2025-03-01T10:21:38Z,771,GET,/assets/app.js,206,1941,35833,29,cubic,q050,HIT
2025-03-01T10:21:28Z,9112,GET,/assets/style.css,403,919,851,23,bbr,q050,HIT
2025-03-01T10:21:29Z,5475,PUT,/,404,1480,211,3,bbr,q050,HIT
2025-03-01T10:21:44Z,8952,PUT,/download/report.pdf,403,839,4010,85,bbr,q046,HIT
2025-03-01T10:21:59Z,7978,POST,/assets/style.css,401,1735,1609,31,cubic,q043,HIT
2025-03-01T10:22:02Z,9726,PUT,/assets/app.js,302,366,4328,84,bbr,q046,MISS
###BAD_LINE### 2025-03-01T10:21:25Z,10
2025-03-01T10:21:39Z,9807,DELETE,/,301,1423,3990,51,cubic,q046,MISS
2025-03-01T10:21:57Z,6523,PUT,/upload,503,1249,2923,69,cubic,q046,HIT
2025-03-01T10:21:52Z,422,DELETE,/,302,807,2967,48,bbr,q050,MISS
2025-03-01T10:21:41Z,5717,POST,/assets/style.css,400,1481,1360,1,bbr,q050,BYPASS
2025-03-01T10:21:47Z,2218,DELETE,/index.html,429,1650,4518,83,cubic,q043,MISS
2025-03-01T10:21:53Z,6261,GET,/index.html,401,1495,4987,96,bbr,q050,HIT
2025-03-01T10:21:36Z,915,POST,/,301,576,2341,9,bbr,q043,HIT
2025-03-01T10:22:01Z,5808,DELETE,/api/user,206,5133,74527,33,bbr,q046,HIT
2025-03-01T10:21:34Z,990,GET,/assets/app.js,400,1790,2605,79,bbr,q043,MISS
2025-03-01T10:22:02Z,6692,DELETE,/index.html,200,1465,67545,35,cubic,q050,HIT
2025-03-01T10:22:02Z,42,DELETE,/api/order,403,1452,3281,68,cubic,q043,HIT
2025-03-01T10:22:14Z,3922,PUT,/assets/style.css,502,1888,2656,53,cubic,q050,BYPASS
2025-03-01T10:22:04Z,2012,GET,/index.html,301,1252,642,78,cubic,q046,HIT
2025-03-01T10:22:09Z,6127,DELETE,/api/user,301,763,2720,57,bbr,q043,HIT
2025-03-01T10:21:56Z,1687,POST,/assets/style.css,301,1600,3494,66,cubic,q050,MISS
2025-03-01T10:22:01Z,6378,DELETE,/upload,503,1390,3918,45,cubic,q050,HIT
2025-03-01T10:22:16Z,8369,DELETE,/assets/style.css,404,1063,4948,46,bbr,q050,MISS
2025-03-01T10:22:20Z,6016,POST,/download/report.pdf,206,8933,37579,39,bbr,q043,HIT
2025-03-01T10:22:20Z,4731,DELETE,/login,301,308,3815,45,bbr,q043,BYPASS
2025-03-01T10:21:58Z,8250,PUT,/upload,403,1957,1107,45,cubic,q046,BYPASS
2025-03-01T10:22:03Z,9750,DELETE,/download/report.pdf,206,8366,46532,24,cubic,q050,MISS
2025-03-01T10:22:12Z,9120,GET,/,403,973,4130,85,cubic,q050,HIT
2025-03-01T10:21:47Z,921,DELETE,/index.html,301,1724,2913,52,cubic,q050,HIT
2025-03-01T10:22:30Z,7636,DELETE,/assets/app.js,302,567,4109,101,cubic,q050,HIT
2025-03-01T10:21:48Z,3469,DELETE,/upload,401,577,3649,43,bbr,q043,HIT
2025-03-01T10:22:16Z,3227,GET,/index.html,503,410,2384,32,bbr,q043,MISS
2025-03-01T10:22:29Z,1014,POST,/upload,301,1410,2213,50,cubic,q043,MISS
2025-03-01T10:22:12Z,7406,POST,/index.html,200,4649,29840,39,bbr,q046,HIT
2025-03-01T10:22:30Z,8939,DELETE,/assets/app.js,200,4245,29381,30,cubic,q050,MISS
2025-03-01T10:22:37Z,3629,DELETE,/download/report.pdf,503,544,1488,66,bbr,q046,HIT
2025-03-01T10:22:24Z,6296,GET,/assets/style.css,206,1823,3154,24,cubic,q050,HIT
2025-03-01T10:22:08Z,7126,PUT,/image/banner.jpg,403,1337,3430,41,cubic,q050,BYPASS
2025-03-01T10:22:08Z,3082,DELETE,/api/order,502,1030,2131,57,cubic,q046,HIT
2025-03-01T10:22:21Z,3057,GET,/download/report.pdf,429,825,2996,68,cubic,q043,HIT
2025-03-01T10:22:27Z,5649,PUT,/image/banner.jpg,500,1922,3405,58,cubic,q046,HIT
2025-03-01T10:21:58Z,5724,DELETE,/upload,401,256,4279,41,cubic,q046,HIT
2025-03-01T10:21:55Z,8805,DELETE,/login,302,313,2096,42,cubic,q050,HIT
2025-03-01T10:22:14Z,2519,POST,/assets/app.js,503,425,4638,67,bbr,q050,HIT
2025-03-01T10:21:57Z,895,PUT,/upload,503,324,4262,55,cubic,q046,HIT
2025-03-01T10:22:17Z,9493,DELETE,/login,302,1854,4073,44,bbr,q050,MISS
2025-03-01T10:22:26Z,1154,GET,/api/order,206,8626,58692,42,cubic,q046,BYPASS
2025-03-01T10:22:49Z,894,GET,/index.html,301,1985,4751,73,bbr,q046,HIT
2025-03-01T10:22:10Z,3687,POST,/assets/style.css,401,1730,1022,83,bbr,q046,HIT
2025-03-01T10:22:04Z,7439,PUT,/login,206,8914,50266,74,cubic,q046,HIT
2025-03-01T10:22:59Z,2088,PUT,/image/banner.jpg,500,1247,4085,75,cubic,q046,HIT
2025-03-01T10:22:29Z,8685,POST,/,302,1795,3384,47,bbr,q043,HIT
2025-03-01T10:22:56Z,3869,POST,/image/banner.jpg,404,279,816,73,bbr,q050,HIT
2025-03-01T10:22:35Z,448,POST,/api/order,301,930,2814,58,bbr,q043,MISS
2025-03-01T10:23:00Z,6694,DELETE,/,301,1094,3529,36,bbr,q043,MISS
2025-03-01T10:22:57Z,8524,POST,/,301,1382,2187,100,bbr,q046,MISS
2025-03-01T10:22:43Z,4234,DELETE,/image/banner.jpg,502,290,157,62,bbr,q043,MISS
2025-03-01T10:22:53Z,8387,DELETE,/login,206,1084,45850,34,cubic,q043,HIT
2025-03-01T10:22:17Z,7440,DELETE,/api/user,400,1938,3497,47,bbr,q043,HIT
2025-03-01T10:22:47Z,3877,PUT,/api/order,302,724,1932,47,bbr,q043,MISS
2025-03-01T10:22:56Z,6095,DELETE,/image/banner.jpg,429,358,1165,53,cubic,q046,HIT
2025-03-01T10:23:07Z,3477,GET,/api/user,206,5738,36047,21,cubic,q050,HIT
2025-03-01T10:22:51Z,152,PUT,/image/banner.jpg,301,1843,1477,49,cubic,q046,BYPASS
2025-03-01T10:23:02Z,9742,GET,/upload,301,1288,3130,108,cubic,q043,MISS
2025-03-01T10:23:09Z,9952,GET,/index.html,302,478,3423,63,bbr,q046,HIT
2025-03-01T10:22:14Z,8198,PUT,/api/user,302,1147,4715,37,cubic,q046,HIT
2025-03-01T10:22:15Z,8646,GET,/download/report.pdf,200,4289,30222,37,cubic,q043,HIT
2025-03-01T10:22:28Z,5006,PUT,/image/banner.jpg,500,1021,4353,54,bbr,q043,MISS
2025-03-01T10:22:36Z,8365,DELETE,/api/order,404,693,2422,39,cubic,q043,HIT
2025-03-01T10:22:44Z,1485,PUT,/assets/style.css,502,1723,4569,83,cubic,q046,MISS
2025-03-01T10:22:46Z,3056,POST,/,200,6383,69983,15,bbr,q050,HIT
2025-03-01T10:22:21Z,4842,GET,/download/report.pdf,206,8156,79743,30,cubic,q046,MISS
2025-03-01T10:22:51Z,852,GET,/assets/app.js,200,4942,48967,44,bbr,q046,HIT
2025-03-01T10:23:19Z,3636,DELETE,/index.html,301,373,411,82,cubic,q043,MISS
2025-03-01T10:22:27Z,2207,GET,/upload,200,7286,68567,57,bbr,q043,HIT
2025-03-01T10:23:07Z,2922,PUT,/download/report.pdf,206,4544,29841,47,cubic,q043,MISS
2025-03-01T10:22:24Z,8505,POST,/api/order,400,1064,4949,75,bbr,q043,MISS
2025-03-01T10:23:17Z,8327,DELETE,/api/user,206,6070,11598,46,cubic,q050,HIT
2025-03-01T10:22:42Z,9794,POST,/download/report.pdf,302,1594,1200,32,bbr,q043,BYPASS
2025-03-01T10:23:03Z,4256,DELETE,/assets/app.js,301,1541,3585,36,bbr,q050,MISS
2025-03-01T10:23:16Z,7322,POST,/upload,429,1612,4633,81,bbr,q043,MISS
2025-03-01T10:23:25Z,2981,POST,/api/user,206,5817,78249,41,cubic,q050,BYPASS
2025-03-01T10:23:14Z,926,DELETE,/index.html,200,4736,60040,40,bbr,q043,BYPASS
2025-03-01T10:23:32Z,3928,PUT,/download/report.pdf,200,3273,59619,44,bbr,q043,HIT
2025-03-01T10:22:54Z,2373,GET,/index.html,404,1476,1097,64,bbr,q050,BYPASS
2025-03-01T10:22:54Z,3530,PUT,/api/order,503,1015,3891,71,cubic,q046,HIT
2025-03-01T10:22:48Z,4544,PUT,/assets/app.js,403,941,3007,77,cubic,q046,MISS
2025-03-01T10:23:25Z,6507,DELETE,/image/banner.jpg,301,631,4560,51,bbr,q050,HIT
2025-03-01T10:22:58Z,6750,DELETE,/download/report.pdf,200,1365,56105,35,bbr,q046,HIT
2025-03-01T10:23:38Z,2156,POST,/,301,1847,3368,46,bbr,q050,HIT,UNKNOWN_FIELD
2025-03-01T10:23:27Z,4275,DELETE,/login,200,8330,42002,32,cubic,q043,HIT
2025-03-01T10:23:02Z,7128,DELETE,/api/order,400,1498,4086,34,bbr,q050,HIT
2025-03-01T10:23:15Z,4383,PUT,/image/banner.jpg,302,210,4503,84,cubic,q043,HIT
2025-03-01T10:22:54Z,4551,GET,/download/report.pdf,301,1992,4375,61,bbr,q050,MISS
2025-03-01T10:23:34Z,9881,PUT,/image/banner.jpg,302,1263,2671,59,cubic,q050,BYPASS
2025-03-01T10:22:55Z,4588,GET,/assets/app.js,301,570,3845,72,cubic,q046,HIT
2025-03-01T10:23:15Z,7313,PUT,/upload,401,817,4932,90,bbr,q046,MISS
2025-03-01T10:23:14Z,3522,POST,/download/report.pdf,502,1283,2433,95,bbr,q043,MISS
2025-03-01T10:23:35Z,4105,DELETE,/api/user,206,6333,61550,8,bbr,q046,HIT
2025-03-01T10:23:55Z,5269,POST,/login,200,5277,56170,40,cubic,q050,MISS
2025-03-01T10:23:16Z,9405,POST,/login,429,989,3453,74,bbr,q043,HIT
2025-03-01T10:23:32Z,7820,DELETE,/,301,1710,4548,56,bbr,q043,MISS
2025-03-01T10:23:48Z,3926,GET,/download/report.pdf,500,155,530,75,cubic,q050,HIT
2025-03-01T10:23:03Z,3743,GET,/api/order,503,1936,1790,61,cubic,q050,HIT
2025-03-01T10:22:46Z,5058,GET,/api/order,200,2526,54621,32,bbr,q046,MISS
2025-03-01T10:23:06Z,3987,GET,/,206,2496,41967,23,cubic,q050,HIT
2025-03-01T10:23:40Z,4063,GET,/image/banner.jpg,206,9747,16576,44,cubic,q043,HIT
2025-03-01T10:22:57Z,3449,GET,/download/report.pdf,400,1646,444,39,cubic,q046,HIT
2025-03-01T10:23:46Z,3740,DELETE,/api/order,301,1022,3476,80,cubic,q043,MISS
2025-03-01T10:23:21Z,4190,POST,/assets/style.css,301,1153,4966,13,cubic,q050,MISS
2025-03-01T10:23:33Z,5348,PUT,/assets/app.js,302,108,3277,52,bbr,q050,HIT
2025-03-01T10:23:59Z,4206,DELETE,/assets/app.js,500,1997,1621,101,bbr,q046,BYPASS
2025-03-01T10:24:10Z,5435,DELETE,/assets/style.css,200,5465,22658,35,bbr,q046,MISS
2025-03-01T10:23:47Z,3489,PUT,/image/banner.jpg,302,1067,1889,86,cubic,q046,MISS
2025-03-01T10:23:14Z,7537,GET,/assets/style.css,302,570,2508,45,bbr,q046,BYPASS
2025-03-01T10:23:04Z,4502,PUT,/login,301,1746,3063,35,cubic,q046,MISS
2025-03-01T10:23:41Z,6366,GET,/api/user,403,1404,2718,34,bbr,q046,MISS
2025-03-01T10:23:19Z,1475,POST,/download/report.pdf,206,1026,74822,24,cubic,q046,MISS
2025-03-01T10:23:11Z,6042,PUT,/assets/app.js,302,271,2320,58,bbr,q046,HIT
2025-03-01T10:24:15Z,5884,DELETE,/download/report.pdf,401,1162,987,37,bbr,q050,HIT
2025-03-01T10:24:18Z,3438,DELETE,/api/order,301,1887,4024,91,bbr,q050,HIT
2025-03-01T10:22:57Z,7289,DELETE,/,500,1605,3982,78,cubic,q046,HIT
2025-03-01T10:24:26Z,3608,GET,/assets/style.css,500,1247,2344,88,bbr,q043,BYPASS
2025-03-01T10:24:24Z,7414,PUT,/download/report.pdf,429,1501,1113,48,cubic,q043,MISS
2025-03-01T10:22:59Z,8793,POST,/api/order,429,840,4584,38,bbr,q046,HIT
2025-03-01T10:24:15Z,4177,PUT,/,200,2504,76655,61,cubic,q050,BYPASS
2025-03-01T10:24:07Z,8703,DELETE,/upload,500,633,4598,74,cubic,q043,MISS
2025-03-01T10:23:15Z,9164,POST,/,403,146,613,30,cubic,q050,HIT
2025-03-01T10:23:42Z,6631,GET,/index.html,200,6592,15195,30,cubic,q046,MISS
2025-03-01T10:23:40Z,4386,PUT,/image/banner.jpg,200,6199,79176,18,cubic,q046,HIT
2025-03-01T10:24:22Z,8200,GET,/index.html,302,714,4482,38,bbr,q050,HIT
2025-03-01T10:23:44Z,6467,GET,/upload,200,4000,17790,46,bbr,q043,HIT
2025-03-01T10:23:23Z,4538,GET,/assets/style.css,200,3466,29996,52,bbr,q050,BYPASS
2025-03-01T10:23:23Z,8688,POST,/upload,206,6096,62079,36,cubic,q043,HIT
2025-03-01T10:24:36Z,5812,PUT,/assets/app.js,301,1242,1920,42,cubic,q046,HIT
2025-03-01T10:24:36Z,1250,PUT,/login,200,9374,49766,31,cubic,q043,MISS
2025-03-01T10:24:23Z,6238,GET,/api/order,301,1885,4115,50,bbr,q043,BYPASS
2025-03-01T10:23:41Z,2922,DELETE,/assets/style.css,302,1041,4729,34,bbr,q046,HIT
2025-03-01T10:23:46Z,7101,PUT,/index.html,400,627,4431,47,cubic,q046,MISS
2025-03-01T10:23:42Z,3872,POST,/download/report.pdf,503,141,4820,60,cubic,q050,HIT
2025-03-01T10:24:37Z,338,PUT,/upload,403,818,183,90,cubic,q043,HIT
2025-03-01T10:24:40Z,2136,GET,/assets/app.js,200,4100,10985,35,cubic,q043,MISS
2025-03-01T10:24:11Z,2276,POST,/,200,8000,42919,22,bbr,q046,HIT
2025-03-01T10:23:24Z,554,POST,/image/banner.jpg,500,686,3273,60,cubic,q043,HIT
2025-03-01T10:23:32Z,5723,POST,/index.html,206,809,68843,19,bbr,q046,HIT
2025-03-01T10:24:01Z,2876,POST,/download/report.pdf,429,214,2972,3,cubic,q043,HIT
2025-03-01T10:24:33Z,8324,POST,/login,403,1533,2936,59,cubic,q046,HIT
2025-03-01T10:24:42Z,5750,PUT,/,301,1502,3084,47,cubic,q043,MISS,UNKNOWN_FIELD
2025-03-01T10:24:51Z,3489,GET,/login,206,8258,12446,38,bbr,q050,MISS
2025-03-01T10:24:08Z,3411,POST,/api/user,401,1574,2225,67,bbr,q046,HIT
2025-03-01T10:24:44Z,4143,POST,/image/banner.jpg,404,1955,2595,73,bbr,q046,BYPASS
2025-03-01T10:23:45Z,5408,POST,/login,502,416,3163,80,bbr,q050,MISS
2025-03-01T10:23:54Z,6647,PUT,/,206,4194,34244,35,cubic,q046,MISS
2025-03-01T10:24:42Z,4330,GET,/download/report.pdf,206,4668,28086,25,bbr,q050,MISS
2025-03-01T10:23:47Z,8111,PUT,/assets/style.css,502,447,3133,77,bbr,q046,HIT
2025-03-01T10:24:33Z,3213,POST,/upload,206,5458,45094,31,bbr,q050,HIT
2025-03-01T10:24:51Z,3192,POST,/login,500,145,1036,78,bbr,q046,HIT
2025-03-01T10:23:28Z,9417,PUT,/assets/style.css,503,1303,3099,87,bbr,q046,MISS
2025-03-01T10:24:05Z,4934,PUT,/api/user,302,1465,2288,64,bbr,q050,MISS
2025-03-01T10:24:24Z,1922,DELETE,/assets/style.css,302,127,3619,86,bbr,q043,HIT
2025-03-01T10:24:18Z,5865,POST,/assets/app.js,302,295,898,23,cubic,q050,HIT
2025-03-01T10:23:44Z,7125,GET,/,500,1294,4912,79,cubic,q043,HIT
2025-03-01T10:24:17Z,3867,PUT,/assets/app.js,502,1144,4287,20,bbr,q046,HIT
2025-03-01T10:24:39Z,99,GET,/index.html,429,814,3359,30,cubic,q043,HIT
2025-03-01T10:23:47Z,6389,DELETE,/image/banner.jpg,502,1230,3388,81,cubic,q050,BYPASS
2025-03-01T10:24:42Z,3449,GET,/assets/app.js,502,453,883,47,cubic,q046,MISS
2025-03-01T10:23:39Z,6222,PUT,/assets/style.css,500,1276,3339,15,bbr,q043,HIT
2025-03-01T10:24:31Z,7596,GET,/login,200,6158,4396,44,cubic,q046,HIT
2025-03-01T10:24:37Z,3675,POST,/index.html,503,1355,2391,46,bbr,q043,MISS
2025-03-01T10:25:04Z,3179,PUT,/,503,286,1130,50,cubic,q043,HIT
2025-03-01T10:23:37Z,1972,POST,/,206,7806,71029,34,bbr,q043,HIT
2025-03-01T10:24:25Z,8408,POST,/assets/app.js,401,1621,3651,53,bbr,q050,HIT
2025-03-01T10:23:40Z,143,POST,/api/order,206,6405,41723,41,cubic,q050,HIT
2025-03-01T10:24:57Z,7090,PUT,/assets/style.css,200,3355,19159,40,bbr,q046,MISS
2025-03-01T10:24:49Z,6098,PUT,/upload,301,1436,4169,49,cubic,q043,BYPASS
2025-03-01T10:25:23Z,7235,DELETE,/download/report.pdf,206,1387,6556,70,cubic,q046,BYPASS
2025-03-01T10:25:14Z,5275,GET,/upload,302,528,881,21,bbr,q046,HIT
2025-03-01T10:24:00Z,3558,PUT,/image/banner.jpg,502,415,4694,98,cubic,q046,HIT
2025-03-01T10:25:29Z,3600,DELETE,/assets/style.css,302,839,2196,54,bbr,q050,HIT
2025-03-01T10:24:07Z,6717,PUT,/login,301,1185,3059,116,bbr,q046,HIT
2025-03-01T10:25:09Z,5584,POST,/,302,1558,1867,32,cubic,q046,HIT
2025-03-01T10:23:49Z,6319,GET,/assets/style.css,400,1899,1722,57,bbr,q046,HIT
2025-03-01T10:24:06Z,9068,POST,/upload,200,3057,36248,65,bbr,q046,HIT
2025-03-01T10:25:19Z,2386,PUT,/upload,302,1083,67,67,cubic,q050,HIT
2025-03-01T10:25:20Z,5419,PUT,/assets/style.css,206,8806,68952,44,bbr,q046,HIT
2025-03-01T10:24:45Z,1494,DELETE,/assets/style.css,301,266,3498,63,cubic,q046,HIT
2025-03-01T10:25:36Z,4493,POST,/download/report.pdf,200,7002,8823,39,bbr,q050,MISS
2025-03-01T10:24:12Z,1317,GET,/download/report.pdf,301,1127,2536,67,bbr,q050,MISS
2025-03-01T10:24:55Z,1417,PUT,/download/report.pdf,200,1149,78415,62,bbr,q050,BYPASS
2025-03-01T10:25:23Z,8350,GET,/,301,1488,2938,90,cubic,q050,HIT
2025-03-01T10:24:28Z,7502,POST,/assets/app.js,302,1813,4715,39,bbr,q050,MISS
2025-03-01T10:24:12Z,8282,DELETE,/,200,3857,58689,52,cubic,q050,HIT
2025-03-01T10:23:56Z,4341,PUT,/api/order,400,409,84,64,bbr,q046,MISS
2025-03-01T10:23:58Z,2324,PUT,/assets/app.js,301,413,4180,92,bbr,q046,HIT
2025-03-01T10:25:47Z,9306,GET,/api/user,302,1588,4911,49,bbr,q046,HIT
2025-03-01T10:24:56Z,8177,DELETE,/assets/app.js,429,1534,3757,79,cubic,q043,BYPASS
2025-03-01T10:23:58Z,5233,DELETE,/assets/app.js,206,8840,8034,36,cubic,q046,MISS
2025-03-01T10:25:30Z,7398,PUT,/login,301,1260,2816,91,bbr,q043,HIT
2025-03-01T10:24:17Z,3204,PUT,/download/report.pdf,301,894,4297,53,bbr,q043,HIT
2025-03-01T10:25:27Z,8224,PUT,/login,500,847,2248,89,cubic,q050,HIT
2025-03-01T10:24:21Z,4788,POST,/api/user,302,1464,2325,25,bbr,q050,HIT
2025-03-01T10:24:27Z,7987,POST,/assets/app.js,302,1234,1538,53,bbr,q050,MISS
2025-03-01T10:25:32Z,2343,DELETE,/assets/app.js,404,1226,2459,30
2025-03-01T10:24:04Z,993,POST,/index.html,206,9825,56263,52,bbr,q043,MISS
2025-03-01T10:25:04Z,7536,POST,/login,302,1120,2508,30,bbr,q043,MISS
2025-03-01T10:25:38Z,1052,GET,/download/report.pdf,502,213,3318,68,cubic,q043,HIT
2025-03-01T10:25:49Z,1759,GET,/login,429,105,1399,63,cubic,q046,MISS
2025-03-01T10:24:35Z,8551,GET,/api/order,206,5127,61764,50,bbr,q046,HIT
2025-03-01T10:24:26Z,814,DELETE,/,301,1727,4748,66,cubic,q050,HIT
2025-03-01T10:24:27Z,6586,PUT,/index.html,403,301,3454,64,bbr,q043,MISS
2025-03-01T10:25:21Z,2166,DELETE,/login,401,629,222,28,bbr,q043,HIT
2025-03-01T10:25:03Z,8512,PUT,/api/user,301,1450,2258,75,bbr,q046,HIT
2025-03-01T10:25:38Z,9381,DELETE,/image/banner.jpg,206,1441,59618,31,cubic,q046,HIT
2025-03-01T10:25:02Z,3680,PUT,/login,401,444,3832,44,cubic,q046,HIT
2025-03-01T10:26:05Z,8326,GET,/assets/app.js,301,753,1072,74,bbr,q046,BYPASS
2025-03-01T10:24:29Z,6438,POST,/api/user,206,9382,31073,32,cubic,q050,HIT
2025-03-01T10:24:50Z,279,PUT,/login,429,232,2368,25,bbr,q050,BYPASS,UNKNOWN_FIELD
2025-03-01T10:25:15Z,8296,POST,/,502,1852,1422,43,bbr,q046,HIT
2025-03-01T10:25:04Z,5437,PUT,/login,500,1135,1923,80,cubic,q043,HIT,UNKNOWN_FIELD
2025-03-01T10:25:49Z,553,PUT,/login,200,4565,20629,39,cubic,q050,MISS
2025-03-01T10:26:05Z,5753,DELETE,/login,301,576,2115,82,bbr,q043,MISS
2025-03-01T10:26:22Z,403,GET,/api/order,404,159,957,50,bbr,q050,MISS
2025-03-01T10:25:41Z,1292,DELETE,/index.html,403,1396,2292,60,bbr,q046,HIT
2025-03-01T10:24:47Z,7133,DELETE,/login,302,811,4047,75,cubic,q043,HIT
2025-03-01T10:26:02Z,3008,POST,/upload,200,4750,23686,38,cubic,q046,BYPASS
2025-03-01T10:26:11Z,9436,PUT,/assets/style.css,301,172,2654,66,cubic,q043,HIT
2025-03-01T10:25:51Z,4443,PUT,/assets/style.css,301,788,3955,51,bbr,q043,HIT
2025-03-01T10:26:06Z,7054,DELETE,/assets/style.css,206,1057,2982,29,bbr,q046,BYPASS
2025-03-01T10:26:00Z,8995,DELETE,/,401,889,2075,74,bbr,q050,HIT
2025-03-01T10:26:20Z,5743,GET,/index.html,206,988,56628,39,bbr,q043,BYPASS
2025-03-01T10:25:18Z,8356,GET,/index.html,301,844,2333,65,cubic,q046,MISS
2025-03-01T10:25:58Z,9990,POST,/upload,403,220,3963,83,cubic,q046,HIT
2025-03-01T10:25:28Z,4234,GET,/assets/style.css,200,3246,54874,29,bbr,q043,MISS
2025-03-01T10:24:46Z,5328,POST,/index.html,302,1833,2316,78,bbr,q043,MISS,UNKNOWN_FIELD
2025-03-01T10:26:21Z,6371,POST,/api/user,403,286,157,33,bbr,q050,HIT
2025-03-01T10:26:18Z,4575,DELETE,/assets/app.js,503,1721,3046,60,bbr,q046,HIT
2025-03-01T10:26:19Z,2836,PUT,/api/order,200,3829,42442,19,bbr,q043,HIT
2025-03-01T10:26:22Z,9903,PUT,/assets/app.js,301,1271,575,54,cubic,q046,HIT
2025-03-01T10:26:09Z,7163,GET,/image/banner.jpg,502,167,2564,40,cubic,q046,HIT
2025-03-01T10:25:07Z,9177,POST,/image/banner.jpg,500,1786,2691,61,cubic,q050,HIT
2025-03-01T10:26:06Z,7890,POST,/,403,1464,4104,62,cubic,q046,MISS
2025-03-01T10:24:47Z,7310,POST,/,404,760,3851,105,bbr,q046,HIT
2025-03-01T10:25:44Z,395,DELETE,/download/report.pdf,400,1080,1934,40,bbr,q050,HIT
2025-03-01T10:24:37Z,1111,PUT,/index.html,429,852,1146,43,bbr,q046,MISS
2025-03-01T10:25:55Z,8032,POST,/image/banner.jpg,200,8078,31727,39,bbr,q050,HIT
2025-03-01T10:25:11Z,8609,DELETE,/index.html,404,526,907,91,cubic,q046,HIT
2025-03-01T10:25:47Z,7847,PUT,/login,429,1906,968,21,bbr,q043,HIT
2025-03-01T10:26:55Z,4949,POST,/login,503,938,2604,57,bbr,q050,HIT
2025-03-01T10:26:23Z,43,POST,/upload,500,718,219,74,bbr,q043,MISS
2025-03-01T10:26:38Z,6946,PUT,/login,429,967,4563,103,cubic,q046,BYPASS
2025-03-01T10:24:48Z,118,DELETE,/assets/app.js,500,140,4533,58,cubic,q043,MISS
2025-03-01T10:25:00Z,6782,DELETE,/assets/style.css,206,9885,50822,41,bbr,q050,MISS
2025-03-01T10:25:03Z,5541,GET,/assets/app.js,301,200,528,104,cubic,q046,HIT
2025-03-01T10:26:24Z,5292,GET,/,302,413,462,48,bbr,q043,HIT
2025-03-01T10:25:16Z,2344,POST,/assets/app.js,301,1992,3415,60,cubic,q050,BYPASS
2025-03-01T10:26:09Z,7397,PUT,/index.html,302,1389,4994,97,cubic,q046,HIT
2025-03-01T10:26:28Z,7158,POST,/image/banner.jpg,302,1142,266,18,cubic,q046,MISS
2025-03-01T10:26:18Z,6860,POST,/api/user,500,1451,2630,35,cubic,q043,MISS
2025-03-01T10:25:15Z,3664,PUT,/index.html,503,890,2594,92,bbr,q050,HIT
2025-03-01T10:26:07Z,3479,PUT,/index.html,200,800,23756,7,bbr,q043,MISS
2025-03-01T10:26:15Z,2425,POST,/api/user,301,1373,2039,85,bbr,q046,HIT
2025-03-01T10:25:06Z,9506,DELETE,/api/user,503,1114,907,58,bbr,q043,HIT
2025-03-01T10:26:54Z,600,PUT,/download/report.pdf,302,714,703,11,bbr,q050,HIT
2025-03-01T10:25:48Z,2184,PUT,/download/report.pdf,206,1613,72863,17,cubic,q043,HIT
2025-03-01T10:25:05Z,9844,POST,/,429,882,251,125,cubic,q050,MISS
2025-03-01T10:25:13Z,8597,POST,/api/user,502,794,2420,66,bbr,q043,HIT
2025-03-01T10:24:56Z,7765,POST,/download/report.pdf,503,1224,4521,76,cubic,q046,MISS
2025-03-01T10:25:04Z,7520,GET,/upload,206,5635,74758,38,bbr,q043,MISS
2025-03-01T10:26:19Z,1913,DELETE,/upload,301,1709,3837,107,bbr,q050,HIT
2025-03-01T10:27:09Z,7066,DELETE,/api/order,301,1163,3792,50,cubic,q050,HIT
2025-03-01T10:26:42Z,2784,GET,/download/report.pdf,206,4914,34306,20,bbr,q050,HIT
2025-03-01T10:26:25Z,2172,POST,/api/user,301,915,1985,46,cubic,q046,HIT
2025-03-01T10:25:56Z,4509,DELETE,/api/user,503,1890,2164,81,bbr,q046,HIT
2025-03-01T10:26:13Z,5169,POST,/api/user,206,6282,20885,33,bbr,q050,MISS
2025-03-01T10:25:27Z,4748,GET,/login,404,1797,2563,71,bbr,q046,HIT
2025-03-01T10:27:20Z,3717,GET,/,302,1614,3231,65,bbr,q050,MISS
2025-03-01T10:25:49Z,5558,PUT,/login,301,1297,4576,46,cubic,q050,HIT
2025-03-01T10:26:32Z,3469,POST,/upload,429,391,1826,86,bbr,q046,HIT
2025-03-01T10:27:09Z,1771,GET,/index.html,301,700,2938,21,bbr,q046,HIT
2025-03-01T10:27:02Z,2752,DELETE,/api/user,401,1656,4434,75,bbr,q050,HIT
2025-03-01T10:26:01Z,5533,GET,/api/user,400,298,821,77,bbr,q043,BYPASS
2025-03-01T10:26:07Z,5965,DELETE,/login,200,3457,70997,27,cubic,q050,MISS
2025-03-01T10:26:56Z,3789,DELETE,/,200,3185,7695,31,cubic,q046,HIT
2025-03-01T10:27:29Z,478,DELETE,/,206,4637,29034,43,bbr,q046,MISS
2025-03-01T10:25:53Z,68,POST,/api/order,200,8260,2634,29,bbr,q050,HIT
2025-03-01T10:27:07Z,7701,GET,/upload,200,663,62447,1,bbr,q046,MISS
2025-03-01T10:27:29Z,4694,PUT,/,302,418,3893,90,cubic,q046,HIT
2025-03-01T10:26:14Z,7138,PUT,/image/banner.jpg,503,891,737,67,bbr,q046,HIT
2025-03-01T10:25:57Z,1306,DELETE,/index.html,400,762,193,61,bbr,q050,MISS
2025-03-01T10:27:34Z,7599,PUT,/download/report.pdf,302,1808,223,113,bbr,q043,HIT
2025-03-01T10:26:16Z,7720,DELETE,/index.html,206,4462,57173,12,bbr,q046,MISS
2025-03-01T10:26:03Z,7722,GET,/download/report.pdf,200,5971,20815,16,bbr,q043,HIT
2025-03-01T10:27:34Z,1704,POST,/api/user,429,1711,1524,29,bbr,q046,HIT
2025-03-01T10:26:49Z,2814,POST,/api/user,403,160,4516,72,bbr,q046,HIT
2025-03-01T10:26:12Z,4134,GET,/,206,7540,1564,8,cubic,q046,MISS
2025-03-01T10:27:10Z,8032,PUT,/login,206,4073,37860,68,cubic,q043,HIT
2025-03-01T10:26:32Z,2735,PUT,/login,500,510,1430,99,cubic,q050,MISS
2025-03-01T10:27:55Z,7552,DELETE,/api/user,301,720,2963,33,cubic,q050,HIT
2025-03-01T10:26:59Z,6359,GET,/assets/app.js,503,1641,1480,38,bbr,q043,BYPASS
2025-03-01T10:26:09Z,8277,PUT,/assets/style.css,301,1640,2578,7,cubic,q043,HIT
2025-03-01T10:27:08Z,5178,DELETE,/assets/app.js,502,152,3435,58,bbr,q043,HIT
2025-03-01T10:26:20Z,5602,POST,/index.html,206,1526,29092,29,bbr,q046,BYPASS
2025-03-01T10:26:22Z,9305,PUT,/assets/app.js,401,152,1088,107,cubic,q046,MISS
2025-03-01T10:26:16Z,2309,DELETE,/api/user,503,315,4179,59,bbr,q046,HIT
2025-03-01T10:27:31Z,387,POST,/image/banner.jpg,302,829,2245,63,cubic,q046,MISS
2025-03-01T10:27:20Z,7924,PUT,/,403,306,4495,57,bbr,q043,HIT
2025-03-01T10:27:28Z,2872,POST,/index.html,206,9978,55422,31,cubic,q050,HIT
2025-03-01T10:27:24Z,5938,POST,/assets/style.css,206,7572,9971,13,bbr,q043,HIT
2025-03-01T10:28:01Z,5497,GET,/upload,302,806,3110,60,bbr,q043,HIT
2025-03-01T10:27:13Z,6890,DELETE,/upload,206,5137,57747,17,bbr,q046,HIT
2025-03-01T10:27:13Z,1402,GET,/download/report.pdf,401,1954,3619,85,cubic,q050,HIT
2025-03-01T10:26:34Z,147,DELETE,/api/order,302,756,4964,76,bbr,q050,HIT
2025-03-01T10:25:42Z,2090,DELETE,/upload,200,8610,11733,31,cubic,q046,HIT
2025-03-01T10:26:49Z,6940,GET,/image/banner.jpg,206,1035,28806,19,bbr,q046,HIT
2025-03-01T10:27:50Z,5995,POST,/image/banner.jpg,200,8487,24125,52,cubic,q050,BYPASS
2025-03-01T10:26:42Z,9502,POST,/login,200,3084,35136,36,cubic,q043,MISS
2025-03-01T10:26:31Z,3673,GET,/download/report.pdf,206,8888,36377,49,bbr,q050,HIT
2025-03-01T10:27:05Z,4292,PUT,/login,503,363,3584,9,bbr,q043,HIT
2025-03-01T10:26:24Z,3842,DELETE,/assets/style.css,301,1720,3335,15,cubic,q046,MISS
2025-03-01T10:27:41Z,9136,DELETE,/assets/app.js,404,1287,4716,78,cubic,q050,HIT
2025-03-01T10:26:36Z,7924,POST,/assets/app.js,302,1257,270,10,bbr,q046,MISS
2025-03-01T10:26:30Z,1360,DELETE,/assets/style.css,400,1310,3408,42,cubic,q043,MISS
2025-03-01T10:27:49Z,7781,GET,/api/order,502,1614,2364,42,bbr,q050,HIT
2025-03-01T10:27:20Z,2235,DELETE,/api/order,302,321,2436,27,bbr,q046,HIT
2025-03-01T10:26:44Z,6989,PUT,/,200,1791,1725,10,cubic,q050,MISS
2025-03-01T10:26:24Z,9231,DELETE,/index.html,206,2477,56238,27,bbr,q046,BYPASS
2025-03-01T10:27:46Z,2450,POST,/assets/app.js,206,4004,68178,62,bbr,q050,HIT
2025-03-01T10:27:03Z,8879,GET,/api/order,502,232,1002,75,bbr,q050,MISS
2025-03-01T10:28:20Z,285,PUT,/download/report.pdf,404,1373,4996,92,bbr,q043,MISS
2025-03-01T10:27:03Z,8059,POST,/image/banner.jpg,302,1497,1327,84,cubic,q046,HIT
2025-03-01T10:26:34Z,250,PUT,/index.html,400,706,3556,47,cubic,q046,HIT
2025-03-01T10:28:23Z,6886,DELETE,/api/user,302,1999,2930,63,cubic,q043,BYPASS
2025-03-01T10:27:20Z,8875,PUT,/image/banner.jpg,401,1291,527,55,bbr,q050,MISS
2025-03-01T10:27:33Z,6591,PUT,/assets/app.js,403,1267,803,53,cubic,q050,HIT
2025-03-01T10:27:05Z,8244,POST,/assets/style.css,403,484,4496,80,cubic,q046,BYPASS
2025-03-01T10:26:27Z,2425,DELETE,/assets/style.css,206,8317,18740,61,cubic,q050,HIT
2025-03-01T10:27:06Z,5240,PUT,/index.html,206,2368,12508,23,cubic,q046,MISS
2025-03-01T10:26:53Z,1217,PUT,/api/order,302,196,4245,37,bbr,q046,HIT
2025-03-01T10:28:39Z,5830,POST,/api/order,200,9727,62647,30,cubic,q050,MISS
2025-03-01T10:26:05Z,8924,POST,/api/user,403,1502,2578,49,cubic,q043,HIT
2025-03-01T10:28:20Z,1637,GET,/upload,502,1404,2904,52,bbr,q046,BYPASS
2025-03-01T10:26:43Z,737,DELETE,/upload,503,541,4432,67,cubic,q046,HIT
2025-03-01T10:26:39Z,8767,PUT,/assets/app.js,429,1696,1433,64,bbr,q050,HIT
2025-03-01T10:27:46Z,8203,GET,/upload,302,1066,2414,45,bbr,q043,HIT
2025-03-01T10:28:06Z,5112,POST,/login,206,2492,21969,17,cubic,q043,HIT
2025-03-01T10:27:22Z,6425,PUT,/api/user,200,2870,61343,41,cubic,q043,MISS
2025-03-01T10:28:16Z,4229,PUT,/login,403,1614,2109,109,cubic,q043,MISS
2025-03-01T10:26:01Z,8070,POST,/index.html,301,1312,3934,53,cubic,q043,HIT
2025-03-01T10:27:07Z,7820,POST,/index.html,301,543,1612,70,bbr,q050,HIT
2025-03-01T10:27:15Z,5934,PUT,/download/report.pdf,200,2726,44568,38,bbr,q043,MISS
2025-03-01T10:28:27Z,7843,PUT,/upload,301,576,4683,53,cubic,q050,HIT
2025-03-01T10:26:08Z,8781,POST,/login,404,181,854,95,cubic,q046,MISS
2025-03-01T10:26:40Z,1722,PUT,/download/report.pdf,400,1904,1178,53,cubic,q046,HIT
2025-03-01T10:27:16Z,6498,DELETE,/login,302,1949,4124,68,bbr,q050,MISS
2025-03-01T10:27:01Z,8664,DELETE,/image/banner.jpg,301,450,182,57,cubic,q043,HIT
2025-03-01T10:26:51Z,3107,GET,/index.html,206,5898,58860,50,cubic,q046,HIT
2025-03-01T10:27:52Z,4691,PUT,/image/banner.jpg,302,1546,1532,56,cubic,q050,MISS
2025-03-01T10:26:23Z,1363,GET,/api/order,503,936,3024,66,bbr,q050,MISS
2025-03-01T10:27:40Z,1772,GET,/api/order,206,7626,46806,41,bbr,q050,HIT
2025-03-01T10:28:15Z,3620,PUT,/assets/style.css,404,905,1805,69,cubic,q046,HIT
2025-03-01T10:28:32Z,3698,DELETE,/api/user,429,825,478,44,cubic,q046,HIT
2025-03-01T10:28:45Z,6032,PUT,/download/report.pdf,429,649,3827,67,cubic,q046,MISS
2025-03-01T10:27:43Z,3862,DELETE,/api/user,206,7516,11214,50,bbr,q043,HIT
2025-03-01T10:27:50Z,8737,PUT,/image/banner.jpg,301,269,2776,48,cubic,q043,HIT
2025-03-01T10:29:03Z,8892,PUT,/upload,500,989,4252,48,bbr,q050,MISS
2025-03-01T10:26:40Z,8678,DELETE,/,206,1277,41895,31,bbr,q043,MISS
2025-03-01T10:28:09Z,9206,GET,/assets/style.css,206,8038,22166,37,cubic,q050,HIT
2025-03-01T10:26:53Z,408,GET,/,200,9287,76450,72,bbr,q050,MISS
2025-03-01T10:27:24Z,2164,POST,/api/order,301,748,4228,72,bbr,q043,MISS
2025-03-01T10:27:30Z,2934,PUT,/assets/style.css,429,1865,4311,93,cubic,q050,HIT
2025-03-01T10:26:32Z,1262,PUT,/,302,855,2442,47,cubic,q046,HIT
2025-03-01T10:28:35Z,7498,POST,/assets/app.js,400,1188,4563,72,bbr,q043,MISS
2025-03-01T10:26:34Z,6499,POST,/,502,378,1784,70,bbr,q043,MISS
2025-03-01T10:27:28Z,9918,GET,/api/order,403,230,3954,69,bbr,q050,MISS
2025-03-01T10:26:31Z,3234,POST,/assets/style.css,401,999,4622,69,cubic,q050,MISS
2025-03-01T10:28:24Z,4493,POST,/api/user,400,622,636,86,cubic,q043,BYPASS
2025-03-01T10:28:24Z,9638,PUT,/login,301,201,2978,59,cubic,q043,HIT
2025-03-01T10:26:40Z,5052,POST,/upload,206,6172,52813,48,cubic,q046,HIT
2025-03-01T10:26:31Z,9327,PUT,/,302,478,583,88,cubic,q043,HIT
2025-03-01T10:27:17Z,1006,PUT,/assets/style.css,404,244,4625,56,cubic,q043,HIT
2025-03-01T10:27:00Z,2012,POST,/download/report.pdf,200,6216,46015,45,bbr,q050,MISS
2025-03-01T10:28:54Z,6158,DELETE,/,502,1897,4546,77,bbr,q050,BYPASS
2025-03-01T10:29:33Z,8075,PUT,/assets/style.css,429,222,1572,82,bbr,q043,HIT
2025-03-01T10:28:20Z,5924,POST,/,206,9417,2251,21,cubic,q043,HIT
2025-03-01T10:26:57Z,4422,DELETE,/assets/app.js,301,1670,3580,46,cubic,q046,BYPASS
2025-03-01T10:28:04Z,139,GET,/,206,3660,24882,38,cubic,q046,MISS
2025-03-01T10:26:52Z,2701,GET,/assets/style.css,500,781,2263,60,cubic,q043,HIT
2025-03-01T10:28:57Z,1702,PUT,/index.html,302,859,1395,66,bbr,q046,MISS
2025-03-01T10:27:42Z,6769,DELETE,/download/report.pdf,404,490,1573,37,cubic,q050,HIT
2025-03-01T10:29:09Z,154,GET,/api/order,503,510,3579,64,bbr,q046,HIT
2025-03-01T10:26:38Z,9689,PUT,/api/user,403,1237,2700,69,cubic,q043,MISS
2025-03-01T10:26:38Z,3777,GET,/api/order,302,214,3989,44,bbr,q050,HIT
2025-03-01T10:29:24Z,2020,POST,/image/banner.jpg,301,1476,216,41,bbr,q050,HIT
2025-03-01T10:28:20Z,8382,GET,/image/banner.jpg,429,1954,1035,14,bbr,q043,MISS
2025-03-01T10:26:46Z,989,DELETE,/download/report.pdf,404,962,762,48,bbr,q043,HIT
2025-03-01T10:27:39Z,4501,GET,/,301,1686,340,85,cubic,q050,HIT
2025-03-01T10:26:43Z,8189,POST,/upload,403,216,1136,44,bbr,q043,MISS
2025-03-01T10:27:21Z,8250,DELETE,/download/report.pdf,404,1627,3256,89,cubic,q046,HIT
2025-03-01T10:26:44Z,9773,DELETE,/upload,206,4235,51509,46,cubic,q043,BYPASS
2025-03-01T10:28:55Z,1637,DELETE,/api/order,502,425,1943,58,bbr,q050,HIT
