2025-03-01T10:00:00Z,167,PUT,/assets/app.js,429,1259,3623,32,bbr,q050
2025-03-01T10:00:01Z,3061,PUT,/,302,1298,4178,34,bbr,q043
2025-03-01T10:00:01Z,5597,PUT,/,200,8867,54957,36,cubic,q050
2025-03-01T10:00:02Z,6792,GET,/image/banner.jpg,302,576,4339,30,bbr,q046
2025-03-01T10:00:03Z,8180,POST,/image/banner.jpg,301,1305,3602,4,bbr,q043
2025-03-01T10:00:05Z,154,POST,/index.html,301,421,3212,27,bbr,q043
2025-03-01T10:00:05Z,6359,POST,/,301,541,4248,30,bbr,q050
2025-03-01T10:00:07Z,6895,POST,/assets/app.js,200,9618,20116,19,bbr,q043
2025-03-01T10:00:07Z,3331,POST,/index.html,200,9013,936,29,cubic,q050
2025-03-01T10:00:10Z,4330,DELETE,/,302,953,1540,41,bbr,q043
2025-03-01T10:00:09Z,6468,POST,/index.html,206,7270,67766,23,bbr,q046
2025-03-01T10:00:11Z,9360,POST,/index.html,206,5911,74931,20,bbr,q050
2025-03-01T10:00:13Z,970,PUT,/assets/style.css,200,1613,20969,19,bbr,q050
2025-03-01T10:00:12Z,5035,DELETE,/image/banner.jpg,302,1083,462,41,bbr,q043
2025-03-01T10:00:11Z,34,GET,/,206,7003,64794,26,cubic,q050
2025-03-01T10:00:14Z,4930,PUT,/,206,1841,19222,29,cubic,q043
2025-03-01T10:00:14Z,2456,GET,/image/banner.jpg,301,903,2666,34,bbr,q050
2025-03-01T10:00:17Z,5881,POST,/assets/app.js,200,2039,69654,22,bbr,q050
2025-03-01T10:00:17Z,8586,GET,/image/banner.jpg,301,1304,1391,19,bbr,q043
2025-03-01T10:00:17Z,8863,GET,/assets/app.js,200,5726,41554,26,bbr,q046
2025-03-01T10:00:20Z,930,GET,/assets/style.css,401,1359,1476,33,cubic,q050
2025-03-01T10:00:20Z,965,DELETE,/index.html,500,1626,1378,30,bbr,q050
2025-03-01T10:00:26Z,7727,POST,/index.html,206,3111,60196,25,bbr,q043
2025-03-01T10:00:19Z,4346,POST,/index.html,404,1119,3082,28,bbr,q046
2025-03-01T10:00:24Z,7383,GET,/image/banner.jpg,301,589,3324,25,bbr,q046
2025-03-01T10:00:23Z,9277,GET,/index.html,302,637,4722,30,cubic,q043
2025-03-01T10:00:26Z,4527,GET,/assets/style.css,206,5451,4186,24,cubic,q046
2025-03-01T10:00:31Z,3343,PUT,/image/banner.jpg,206,9731,76788,20,bbr,q043
2025-03-01T10:00:23Z,9986,PUT,/image/banner.jpg,206,7524,52053,30,bbr,q050
2025-03-01T10:00:32Z,9352,PUT,/image/banner.jpg,200,8319,63748,21,cubic,q043
2025-03-01T10:00:24Z,1612,GET,/assets/app.js,302,1599,3264,2,bbr,q043
2025-03-01T10:00:27Z,120,DELETE,/index.html,301,427,2260,34,cubic,q046
2025-03-01T10:00:29Z,9844,PUT,/assets/style.css,206,8000,4004,22,bbr,q046
2025-03-01T10:00:37Z,4894,POST,/assets/style.css,200,8139,48681,29,bbr,q046
2025-03-01T10:00:34Z,8055,PUT,/image/banner.jpg,302,754,848,37,bbr,q050
2025-03-01T10:00:29Z,6341,POST,/assets/app.js,206,518,13036,29,bbr,q050
2025-03-01T10:00:36Z,4537,PUT,/assets/app.js,200,2483,77663,18,bbr,q043
2025-03-01T10:00:33Z,997,POST,/index.html,301,532,2140,35,cubic,q043
2025-03-01T10:00:41Z,2316,POST,/,206,822,5190,28,bbr,q043
2025-03-01T10:00:41Z,8466,POST,/assets/style.css,301,1631,663,38,bbr,q043
2025-03-01T10:00:45Z,2166,PUT,/assets/app.js,429,501,4486,28,bbr,q046
2025-03-01T10:00:35Z,2163,DELETE,/,301,379,1315,33,bbr,q050
2025-03-01T10:00:45Z,4749,GET,/image/banner.jpg,302,1232,1707,14,bbr,q050
2025-03-01T10:00:48Z,3027,GET,/image/banner.jpg,200,7254,20433,32,cubic,q050
2025-03-01T10:00:46Z,6622,PUT,/assets/app.js,206,3388,13332,21,cubic,q050
2025-03-01T10:00:43Z,9649,PUT,/index.html,301,110,2439,33,cubic,q050
2025-03-01T10:00:44Z,6857,DELETE,/,206,1254,46410,26,bbr,q043
2025-03-01T10:00:56Z,9549,POST,/index.html,200,2170,17407,27,bbr,q043
2025-03-01T10:00:54Z,4893,GET,/assets/style.css,206,6045,12708,32,bbr,q046
2025-03-01T10:00:40Z,2556,DELETE,/assets/app.js,403,1397,4338,32,bbr,q043
2025-03-01T10:00:42Z,5852,POST,/assets/style.css,503,804,1020,41,cubic,q046
2025-03-01T10:00:46Z,8619,POST,/,302,1442,2699,27,cubic,q046
2025-03-01T10:00:46Z,4394,DELETE,/,206,6749,31109,27,bbr,q043
2025-03-01T10:00:51Z,8232,PUT,/image/banner.jpg,301,1983,3393,26,bbr,q050
2025-03-01T10:01:03Z,1590,PUT,/assets/style.css,200,8061,71966,25,bbr,q046
2025-03-01T10:00:46Z,686,GET,/index.html,302,1260,3641,25,bbr,q046
2025-03-01T10:00:52Z,5628,DELETE,/image/banner.jpg,301,1400,2697,24,bbr,q046
2025-03-01T10:00:58Z,1459,PUT,/assets/app.js,302,809,4566,32,bbr,q050
2025-03-01T10:00:54Z,2982,PUT,/,302,1041,3743,28,bbr,q050
2025-03-01T10:01:06Z,7526,PUT,/assets/style.css,200,901,46728,18,bbr,q046
2025-03-01T10:00:48Z,3979,GET,/index.html,200,3698,3894,23,bbr,q043
2025-03-01T10:01:10Z,5204,PUT,/assets/style.css,206,8149,809,29,bbr,q050
2025-03-01T10:01:09Z,7265,POST,/,503,384,1162,15,bbr,q043
2025-03-01T10:00:52Z,2198,GET,/,302,1285,2770,33,bbr,q050
2025-03-01T10:01:01Z,6988,POST,/assets/style.css,206,3382,73406,18,bbr,q050
2025-03-01T10:01:00Z,3644,DELETE,/,302,781,52,42,cubic,q050
2025-03-01T10:01:10Z,428,PUT,/image/banner.jpg,206,863,8753,24,bbr,q046
2025-03-01T10:01:05Z,525,GET,/image/banner.jpg,200,5755,29168,22,bbr,q046
2025-03-01T10:00:54Z,1770,POST,/image/banner.jpg,206,2689,55608,12,cubic,q050
2025-03-01T10:01:20Z,7680,PUT,/index.html,301,1675,1129,14,bbr,q043
2025-03-01T10:01:17Z,7022,DELETE,/assets/app.js,502,272,2072,8,bbr,q050
2025-03-01T10:01:14Z,4506,DELETE,/,302,626,4012,43,bbr,q046
2025-03-01T10:01:19Z,8944,GET,/,301,375,1355,33,cubic,q050
2025-03-01T10:01:21Z,1386,PUT,/assets/style.css,401,1258,4695,37,bbr,q043
2025-03-01T10:01:24Z,9137,POST,/,206,5643,7965,28,cubic,q050
2025-03-01T10:01:21Z,9847,GET,/assets/style.css,301,1812,3155,29,bbr,q050
2025-03-01T10:01:01Z,5204,DELETE,/,206,5035,49609,24,bbr,q050,UNKNOWN_FIELD
2025-03-01T10:01:23Z,7936,GET,/image/banner.jpg,200,9115,74576,23,bbr,q046
2025-03-01T10:01:28Z,6139,DELETE,/,301,953,614,41,bbr,q050
2025-03-01T10:01:03Z,3223,DELETE,/image/banner.jpg,301,1220,2233,25,bbr,q046
2025-03-01T10:01:32Z,128,DELETE,/index.html,301,1937,1539,17,bbr,q043
2025-03-01T10:01:21Z,6449,GET,/assets/style.css,302,1830,2370,19,bbr,q043
2025-03-01T10:01:26Z,1381,POST,/index.html,206,3749,24758,25,bbr,q043
2025-03-01T10:01:18Z,1286,DELETE,/index.html,302,1432,1746,15,bbr,q043
2025-03-01T10:01:21Z,7272,PUT,/assets/style.css,301,1743,4278,29,cubic,q046
2025-03-01T10:01:29Z,171,PUT,/,301,1152,2277,46,bbr,q050
2025-03-01T10:01:32Z,7438,PUT,/,301,1714,3387,42,bbr,q046
2025-03-01T10:01:43Z,2768,POST,/index.html,301,1645,1010,31,bbr,q043
2025-03-01T10:01:15Z,5793,GET,/assets/style.css,500,1841,666,27,bbr,q046
2025-03-01T10:01:41Z,9881,POST,/image/banner.jpg,301,1753,1084,29,bbr,q043
2025-03-01T10:01:45Z,1219,GET,/index.html,206,1353,12199,24,bbr,q050
2025-03-01T10:01:24Z,1348,GET,/,301,883,1133,17,bbr,q046
2025-03-01T10:01:22Z,2579,POST,/,302,1939,2855,21,bbr,q050
2025-03-01T10:01:24Z,4122,GET,/index.html,302,1733,3452,35,bbr,q043
2025-03-01T10:01:50Z,8828,DELETE,/assets/style.css,206,4244,67543,28,bbr,q050
2025-03-01T10:01:19Z,6695,GET,/assets/app.js,200,8694,20817,11,cubic,q046
2025-03-01T10:01:19Z,2125,PUT,/index.html,200,5592,35070,29,bbr,q050
2025-03-01T10:01:19Z,4686,PUT,/image/banner.jpg,206,5488,72770,23,bbr,q046
2025-03-01T10:01:40Z,6116,POST,/image/banner.jpg,302,191,235,32,bbr,q046
2025-03-01T10:01:56Z,5057,GET,/assets/style.css,206,4278,23128,24,bbr,q050
2025-03-01T10:01:51Z,2451,PUT,/assets/style.css,302,1188,446,29,cubic,q050
2025-03-01T10:01:41Z,4657,DELETE,/image/banner.jpg,206,8384,6753,21,bbr,q050
2025-03-01T10:01:53Z,778,DELETE,/,301,800,1070,28,bbr,q043
2025-03-01T10:01:43Z,6325,DELETE,/index.html,400,1308,4640,33,bbr,q043
2025-03-01T10:01:59Z,5128,POST,/,301,931,440,14,cubic,q050
2025-03-01T10:01:45Z,9228,PUT,/index.html,200,2930,52076,27,cubic,q043
2025-03-01T10:01:45Z,5823,PUT,/assets/style.css,503,701,3020,34,bbr,q046
2025-03-01T10:01:31Z,3656,PUT,/image/banner.jpg,206,8546,49288,27,bbr,q050
2025-03-01T10:02:03Z,263,GET,/,301,1415,186,23,cubic,q050
2025-03-01T10:01:32Z,9653,GET,/image/banner.jpg,302,1171,2771,34,cubic,q043
2025-03-01T10:01:37Z,3156,PUT,/index.html,200,9431,55088,26,bbr,q043
2025-03-01T10:02:11Z,6902,POST,/index.html,206,9695,5537,27,bbr,q043
2025-03-01T10:01:35Z,3576,GET,/,301,833,1541,32,bbr,q046
2025-03-01T10:01:52Z,8097,GET,/assets/app.js,206,4912,30044,28,bbr,q046
2025-03-01T10:01:35Z,5452,POST,/index.html,206,7382,6173,23,bbr,q043
2025-03-01T10:01:54Z,4852,DELETE,/image/banner.jpg,302,1170,2128,46,bbr,q050
2025-03-01T10:01:58Z,1006,GET,/assets/app.js,200,5671,16426,22,bbr,q043
2025-03-01T10:02:11Z,2925,DELETE,/image/banner.jpg,206,5105,43218,26,bbr,q043,UNKNOWN_FIELD
2025-03-01T10:02:14Z,7091,PUT,/assets/style.css,206,1276,60082,18,bbr,q046
2025-03-01T10:02:18Z,2519,POST,/assets/style.css,302,638,611,54,bbr,q043
2025-03-01T10:01:36Z,7366,PUT,/index.html,206,8652,73046,12,bbr,q043
2025-03-01T10:02:02Z,4048,PUT,/index.html,302,397,3003,16,bbr,q050
2025-03-01T10:01:57Z,4643,GET,/assets/app.js,302,606,4339,23,cubic,q043
2025-03-01T10:01:48Z,633,PUT,/image/banner.jpg,429,635,4000,25,bbr,q050
2025-03-01T10:01:43Z,4502,DELETE,/,200,7742,55930,23,bbr,q046
2025-03-01T10:02:23Z,7858,PUT,/,302,253,237,36,bbr,q043
2025-03-01T10:02:13Z,9784,GET,/assets/app.js,206,2408,38294,26,bbr,q050
2025-03-01T10:02:06Z,8478,GET,/assets/style.css,301,524,4319,26,bbr,q043
2025-03-01T10:02:04Z,1566,DELETE,/assets/style.css,302,345,3536,30,bbr,q050
2025-03-01T10:02:12Z,3308,DELETE,/,302,260,64,41,bbr,q043
2025-03-01T10:02:14Z,4989,GET,/assets/app.js,301,718,4921,33,bbr,q050
2025-03-01T10:02:07Z,8038,GET,/assets/app.js,301,1162,3722,25,bbr,q043
2025-03-01T10:02:15Z,1020,DELETE,/,301,556,373,28,bbr,q050
2025-03-01T10:02:16Z,1394,DELETE,/,206,8600,61412,32,bbr,q046
2025-03-01T10:02:29Z,1273,PUT,/,301,942,2765,26,cubic,q050
2025-03-01T10:02:30Z,9091,POST,/assets/app.js,301,1283,1925,18,bbr,q043
2025-03-01T10:02:41Z,8925,PUT,/assets/app.js,500,1868,4310,32,bbr,q046
2025-03-01T10:02:41Z,9882,GET,/,302,1782,2636,22,bbr,q046
2025-03-01T10:02:38Z,3200,POST,/image/banner.jpg,200,2662,52774,13,bbr,q050
2025-03-01T10:02:46Z,6856,PUT,/image/banner.jpg,206,2178,6620,29,cubic,q046
2025-03-01T10:02:38Z,6611,GET,/assets/app.js,502,900,1164,28,bbr,q046
2025-03-01T10:02:13Z,3090,POST,/assets/style.css,200,5162,9277,27,bbr,q050
2025-03-01T10:02:44Z,4655,GET,/,200,6719,66217,29,cubic,q050
2025-03-01T10:02:30Z,3948,POST,/index.html,302,1930,2573,20,bbr,q043
2025-03-01T10:02:03Z,633,GET,/index.html,301,1328,4419,31,bbr,q050
2025-03-01T10:02:38Z,4686,GET,/assets/app.js,200,827,14486,25,bbr,q050
2025-03-01T10:01:58Z,1768,GET,/,301,715,2125,21,bbr,q046
2025-03-01T10:02:32Z,4604,POST,/,301,504,4671,17,bbr,q046
2025-03-01T10:02:51Z,8448,PUT,/assets/style.css,302,743,2632,43,bbr,q046
2025-03-01T10:01:59Z,2461,DELETE,/index.html,200,7696,23145,32,bbr,q050
2025-03-01T10:02:24Z,1306,POST,/image/banner.jpg,301,1764,580,26,bbr,q046
2025-03-01T10:02:05Z,9454,DELETE,/assets/app.js,206,6119,55402,32,bbr,q050
2025-03-01T10:02:29Z,3016,PUT,/index.html,200,946,33173,25,bbr,q043
2025-03-01T10:02:46Z,3050,DELETE,/image/banner.jpg,401,1657,4305,21,bbr,q046
2025-03-01T10:02:41Z,4732,DELETE,/,206,7889,17657,16,bbr,q043
2025-03-01T10:02:11Z,5796,GET,/,500,1962,3634,34,bbr,q046
2025-03-01T10:02:20Z,1233,PUT,/image/banner.jpg,500,458,338,18,bbr,q050
2025-03-01T10:02:55Z,6268,DELETE,/,301,849,1790,32,bbr,q050
2025-03-01T10:02:51Z,602,DELETE,/image/banner.jpg,302,281,1751,10,bbr,q046
2025-03-01T10:02:43Z,2965,POST,/index.html,200,8159,16029,35,bbr,q050
2025-03-01T10:02:58Z,7798,POST,/assets/style.css,206,8942,21921,20,bbr,q046
2025-03-01T10:02:38Z,4139,PUT,/assets/app.js,301,481,2176,2,bbr,q043
2025-03-01T10:02:59Z,9362,DELETE,/assets/style.css,206,8612,68572,13,bbr,q050
2025-03-01T10:02:43Z,84,GET,/image/banner.jpg,200,2787,48784,28,bbr,q050
2025-03-01T10:02:14Z,7102,GET,/image/banner.jpg,403,1240,1137,23,bbr,q043
2025-03-01T10:02:51Z,7016,PUT,/index.html,302,1062,1702,27,bbr,q043
2025-03-01T10:03:18Z,6135,POST,/image/banner.jpg,200,3983,16335,26,bbr,q050
2025-03-01T10:02:47Z,5150,POST,/index.html,403,1490,4126,30,bbr,q043
2025-03-01T10:03:20Z,2737,PUT,/assets/app.js,302,236,4664,10,bbr,q043
2025-03-01T10:02:37Z,265,POST,/index.html,302,1440,4092,20,bbr,q050
2025-03-01T10:02:55Z,7746,DELETE,/assets/app.js,206,8543,66039,23,bbr,q043
2025-03-01T10:03:23Z,781,GET,/assets/style.css,206,8107,56225,26,bbr,q043
2025-03-01T10:03:23Z,2885,DELETE,/index.html,206,636,65135,23,bbr,q050
2025-03-01T10:02:57Z,4196,DELETE,/image/banner.jpg,302,1958,2670,27,cubic,q050
2025-03-01T10:02:22Z,7677,PUT,/assets/style.css,404,615,876,9,bbr,q046
2025-03-01T10:02:39Z,353,POST,/,302,1715,2198,31,bbr,q043
2025-03-01T10:03:19Z,687,PUT,/,200,8953,58062,30,bbr,q050
2025-03-01T10:03:02Z,2747,POST,/image/banner.jpg,301,441,4457,32,cubic,q043
2025-03-01T10:02:51Z,8691,POST,/,301,775,1037,20,bbr,q046
2025-03-01T10:03:32Z,1119,GET,/assets/app.js,503,599,2515,40,cubic,q046
2025-03-01T10:02:47Z,6746,DELETE,/image/banner.jpg,301,1396,3972,30,bbr,q050
2025-03-01T10:03:13Z,4767,POST,/assets/style.css,206,1157,36929,19,bbr,q046
2025-03-01T10:02:34Z,4487,GET,/assets/style.css,302,896,2061,36,bbr,q050
2025-03-01T10:02:30Z,4603,PUT,/assets/app.js,200,7238,29287,27,cubic,q043
2025-03-01T10:02:42Z,8903,POST,/assets/style.css,206,5181,74438,15,bbr,q043
2025-03-01T10:02:40Z,3671,GET,/assets/app.js,301,222,3920,33,bbr,q043
2025-03-01T10:03:26Z,8794,DELETE,/assets/style.css,200,5284,49834,16,bbr,q046
2025-03-01T10:03:09Z,6489,PUT,/index.html,400,827,1810,41,bbr,q046
2025-03-01T10:02:43Z,5201,GET,/,200,1489,3743,21,bbr,q043
2025-03-01T10:03:20Z,9619,DELETE,/index.html,301,922,3816,15,bbr,q046
2025-03-01T10:03:16Z,6420,PUT,/assets/style.css,302,238,2776,17,bbr,q043
2025-03-01T10:03:28Z,9747,GET,/,200,4415,33814,17,cubic,q046
2025-03-01T10:03:44Z,3956,DELETE,/,206,2116,79646,27,bbr,q046
2025-03-01T10:02:37Z,6953,POST,/index.html,200,6956,3247,23,bbr,q050
2025-03-01T10:03:03Z,9329,PUT,/image/banner.jpg,400,701,4928,25,bbr,q046
2025-03-01T10:02:58Z,8940,POST,/assets/app.js,302,1881,4595,47,bbr,q046
###BAD_LINE### 2025-03-01T10:03:55Z,13
###BAD_LINE### 2025-03-01T10:03:22Z,6189
2025-03-01T10:02:45Z,7415,DELETE,/index.html,502,1551,2423,25,cubic,q046
2025-03-01T10:03:55Z,7916,PUT,/index.html,429,1797,3995,37,bbr,q050
2025-03-01T10:03:42Z,705,PUT,/assets/style.css,302,1545,3460,20,bbr,q043
2025-03-01T10:03:52Z,1750,PUT,/image/banner.jpg,301,1236,2913,38,bbr,q050
2025-03-01T10:02:54Z,3612,POST,/assets/app.js,301,837,724,31,bbr,q050
2025-03-01T10:03:47Z,4828,PUT,/assets/app.js,301,1432,482,30,cubic,q046
2025-03-01T10:03:29Z,4274,GET,/,404,1320,3877,24,bbr,q046
2025-03-01T10:03:36Z,280,GET,/index.html,301,1934,2783,27,bbr,q050
2025-03-01T10:03:26Z,2496,DELETE,/assets/style.css,301,1909,3214,27,bbr,q046
2025-03-01T10:02:57Z,8403,POST,/image/banner.jpg,200,1810,25046,29,bbr,q046
2025-03-01T10:03:03Z,1624,PUT,/image/banner.jpg,206,1426,76098,11,bbr,q046
2025-03-01T10:03:51Z,8987,PUT,/assets/style.css,302,649,3490,20,cubic,q046
2025-03-01T10:02:59Z,6614,PUT,/image/banner.jpg,301,101,3857,30,bbr,q050
2025-03-01T10:02:53Z,2630,DELETE,/index.html,206,2650,22933,26,bbr,q043
2025-03-01T10:03:44Z,9939,DELETE,/assets/app.js,206,8265,623,24,bbr,q046
2025-03-01T10:03:38Z,5783,GET,/assets/app.js,200,4338,68680,23,bbr,q050
2025-03-01T10:03:10Z,3496,GET,/assets/app.js,400,754,1837,36,cubic,q046
2025-03-01T10:04:09Z,7842,PUT,/assets/app.js,206,2878,36294,28,bbr,q050
2025-03-01T10:03:15Z,1077,POST,/image/banner.jpg,301,1568,4150,23,bbr,q050
2025-03-01T10:03:09Z,1792,PUT,/assets/app.js,302,1875,483,42,cubic,q050
2025-03-01T10:03:25Z,4714,POST,/assets/app.js,401,1130,1251,34,bbr,q043
2025-03-01T10:04:17Z,4834,DELETE,/image/banner.jpg,301,1567,2006,41,bbr,q046
2025-03-01T10:03:13Z,273,POST,/assets/app.js,301,884,3625,12,cubic,q046
2025-03-01T10:03:30Z,9664,DELETE,/index.html,200,5070,68194,31,cubic,q043
2025-03-01T10:04:22Z,2642,PUT,/assets/app.js,301,1292,1946,23,bbr,q043
2025-03-01T10:04:02Z,5550,POST,/,200,3427,37731,27,cubic,q050
2025-03-01T10:03:41Z,5491,POST,/assets/app.js,302,251,4912,23,cubic,q043
2025-03-01T10:04:23Z,2129,GET,/assets/style.css,200,8171,22410,22,bbr,q043
2025-03-01T10:04:10Z,5208,PUT,/assets/app.js,301,1676,2814,6,bbr,q043
2025-03-01T10:04:05Z,9279,POST,/assets/style.css,302,1069,1289,30,bbr,q050
2025-03-01T10:03:56Z,4789,GET,/index.html,206,6031,25683,29,bbr,q050
2025-03-01T10:03:19Z,4910,POST,/index.html,301,127,4682,3,bbr,q043
2025-03-01T10:03:13Z,4317,DELETE,/assets/app.js,502,1884,1143,38,bbr,q043
2025-03-01T10:03:48Z,7092,DELETE,/,200,9518,72403,19,bbr,q046
2025-03-01T10:04:06Z,7181,PUT,/image/banner.jpg,302,245,1167,38,bbr,q046
2025-03-01T10:03:59Z,4312,GET,/assets/style.css,200,6761,25659,19,bbr,q046
2025-03-01T10:03:53Z,3431,GET,/,200,3466,69182,22,bbr,q050
2025-03-01T10:03:59Z,9200,DELETE,/assets/style.css,302,1538,3721,28,bbr,q046
2025-03-01T10:04:14Z,8215,DELETE,/,200,8922,24678,13,bbr,q046
2025-03-01T10:03:24Z,5846,DELETE,/image/banner.jpg,302,406,2810,32,bbr,q043
2025-03-01T10:03:40Z,2477,POST,/image/banner.jpg,206,3974,75732,23,bbr,q050
2025-03-01T10:03:20Z,3975,GET,/,200,3987,40399,32,bbr,q043
2025-03-01T10:04:44Z,646,POST,/assets/style.css,502,1922,3871,28,bbr,q050
2025-03-01T10:03:25Z,8828,POST,/index.html,400,648,4899,38,bbr,q043
2025-03-01T10:04:44Z,4486,POST,/,301,125,4549,38,bbr,q043
2025-03-01T10:04:26Z,1270,GET,/image/banner.jpg,206,4150,41641,23,bbr,q050
2025-03-01T10:03:55Z,4672,POST,/assets/app.js,302,1657,3011,33,bbr,q050
2025-03-01T10:04:06Z,2325,PUT,/index.html,302,503,1296,37,bbr,q046
2025-03-01T10:04:25Z,4979,GET,/assets/app.js,206,2959,31518,23,bbr,q043
2025-03-01T10:04:02Z,6652,DELETE,/,502,1529,3944,42,bbr,q050
2025-03-01T10:04:25Z,158,POST,/assets/app.js,301,1879,3710,29,bbr,q043
2025-03-01T10:04:34Z,5758,DELETE,/assets/app.js,302,1595,4958,28,bbr,q046
2025-03-01T10:03:59Z,1637,DELETE,/index.html,200,779,21542,28,bbr,q046
2025-03-01T10:04:04Z,9528,PUT,/assets/app.js,502,892,1385,23,bbr,q043
2025-03-01T10:03:42Z,7883,GET,/,301,1565,2465,36,bbr,q046
2025-03-01T10:03:23Z,7157,POST,/image/banner.jpg,302,102,1270,41,bbr,q043
2025-03-01T10:04:10Z,9315,PUT,/,200,1339,65873,24,bbr,q050
2025-03-01T10:04:13Z,3474,DELETE,/assets/app.js,302,956,3281,29,cubic,q046
2025-03-01T10:03:24Z,2646,POST,/assets/app.js,302,1577,4820,38,bbr,q050
2025-03-01T10:04:28Z,9571,GET,/,301,1083,620,24,bbr,q050
2025-03-01T10:04:36Z,3246,GET,/assets/app.js,200,3663,41398,24,bbr,q043
2025-03-01T10:03:53Z,6137,PUT,/assets/style.css,200,7251,57083,23,cubic,q043
2025-03-01T10:04:51Z,7199,DELETE,/assets/style.css,206,8735,35133,24,bbr,q043
2025-03-01T10:04:30Z,6656,PUT,/assets/app.js,206,7058,46247,25,bbr,q046
2025-03-01T10:04:20Z,9313,PUT,/,206,9792,75179,29,bbr,q043
2025-03-01T10:04:07Z,4505,POST,/,404,564,643,21,bbr,q046
2025-03-01T10:04:45Z,6875,GET,/image/banner.jpg,301,1323,4435,20,bbr,q046
2025-03-01T10:05:06Z,8266,POST,/assets/app.js,206,6953,74497,23,bbr,q046
2025-03-01T10:03:52Z,1334,POST,/image/banner.jpg,302,1703,348,44,bbr,q046
2025-03-01T10:04:35Z,4536,PUT,/assets/style.css,429,1002,3691,17,bbr,q043
2025-03-01T10:03:37Z,3755,DELETE,/,302,1997,3875,17,bbr,q050
2025-03-01T10:03:57Z,6483,DELETE,/index.html,200,5838,38499,22,bbr,q050
2025-03-01T10:05:22Z,812,DELETE,/assets/app.js,206,8561,14777,21,bbr,q046
2025-03-01T10:05:05Z,7934,DELETE,/index.html,301,1864,960,51,bbr,q050
2025-03-01T10:04:56Z,8660,GET,/image/banner.jpg,200,4690,2323,26,bbr,q043
2025-03-01T10:04:27Z,1411,POST,/image/banner.jpg,200,6432,41620,22,bbr,q046
2025-03-01T10:04:26Z,4417,GET,/image/banner.jpg,301,1528,3676,39,bbr,q050
2025-03-01T10:04:20Z,414,GET,/index.html,302,1392,1465,13,bbr,q046
2025-03-01T10:04:28Z,9364,POST,/index.html,302,191,4849,10,bbr,q046
2025-03-01T10:04:56Z,6565,PUT,/assets/app.js,206,5092,37911,26,bbr,q046
2025-03-01T10:05:10Z,1063,GET,/assets/style.css,404,486,4425,34,bbr,q046
2025-03-01T10:03:47Z,8943,PUT,/index.html,302,1172,4095,19,cubic,q046
2025-03-01T10:04:38Z,4387,POST,/index.html,302,1199,4501,30,cubic,q043
2025-03-01T10:05:18Z,9850,PUT,/index.html,301,619,2648,38,bbr,q050
2025-03-01T10:05:14Z,4226,POST,/assets/app.js,302,1412,3461,40,bbr,q046
2025-03-01T10:03:47Z,4580,GET,/assets/app.js,206,4843,23886,17,cubic,q043
2025-03-01T10:04:26Z,2661,PUT,/assets/style.css,302,731,3548,31,bbr,q050
2025-03-01T10:05:37Z,9762,PUT,/,302,1930,1694,12,bbr,q050
2025-03-01T10:04:23Z,6473,POST,/index.html,301,1147,4146,21,bbr,q050
2025-03-01T10:05:08Z,5306,PUT,/index.html,200,5026,18776,27,bbr,q043
2025-03-01T10:04:33Z,7439,DELETE,/assets/app.js,302,1548,141,37,bbr,q050
2025-03-01T10:05:16Z,3368,DELETE,/image/banner.jpg,301,767,1177,28,cubic,q046
2025-03-01T10:04:23Z,6682,POST,/index.html,200,3959,79909,30,bbr,q043
2025-03-01T10:04:29Z,3502,DELETE,/assets/app.js,302,642,4629,31,bbr,q046
2025-03-01T10:04:15Z,934,POST,/image/banner.jpg,200,4991,11392,29,bbr,q046
2025-03-01T10:05:13Z,3471,POST,/assets/style.css,206,6219,9140,26,bbr,q050
2025-03-01T10:05:18Z,1001,POST,/index.html,503,1506,1036,27,bbr,q046
2025-03-01T10:04:14Z,9869,POST,/index.html,200,2090,74536,17,bbr,q043
2025-03-01T10:05:51Z,2246,PUT,/assets/app.js,301,1084,1378,35,bbr,q046
2025-03-01T10:05:04Z,1795,GET,/assets/app.js,302,1109,2120,39,bbr,q050
2025-03-01T10:05:39Z,3698,PUT,/index.html,301,1587,4446,24,bbr,q043
2025-03-01T10:04:05Z,5485,POST,/image/banner.jpg,302,1700,2683,36,bbr,q046
2025-03-01T10:04:10Z,520,POST,/,206,2682,53024,26,bbr,q046
2025-03-01T10:05:55Z,2740,PUT,/image/banner.jpg,301,485,4082,45,bbr,q043
2025-03-01T10:05:14Z,4322,POST,/,206,8332,14465,32,bbr,q050
2025-03-01T10:04:31Z,684,PUT,/assets/app.js,200,4582,50339,22,cubic,q043
2025-03-01T10:05:51Z,3096,POST,/,302,1227,2723,42,cubic,q043
2025-03-01T10:04:47Z,2511,GET,/assets/style.css,302,645,1035,16,bbr,q050
2025-03-01T10:04:34Z,281,GET,/assets/app.js,302,1873,168,34,bbr,q046
2025-03-01T10:04:33Z,6272,GET,/image/banner.jpg,206,2233,42143,31,bbr,q050,UNKNOWN_FIELD
2025-03-01T10:04:26Z,6024,PUT,/image/banner.jpg,206,2715,62064,30,bbr,q050
2025-03-01T10:04:44Z,2610,PUT,/assets/app.js,502,1677,2806,14,bbr,q043
2025-03-01T10:04:49Z,7325,DELETE,/assets/style.css,200,8294,35233,22,bbr,q046
2025-03-01T10:05:20Z,5890,PUT,/index.html,200,8284,27847,22,cubic,q050
2025-03-01T10:05:56Z,5292,DELETE,/assets/app.js,301,1481,4177,27,bbr,q046
2025-03-01T10:05:34Z,3361,DELETE,/assets/app.js,302,286,1664,28,bbr,q050
2025-03-01T10:04:24Z,7886,DELETE,/,500,133,2714,32,bbr,q043
2025-03-01T10:06:16Z,9135,PUT,/image/banner.jpg,301,577,2270,26,cubic,q050
2025-03-01T10:04:58Z,5180,GET,/image/banner.jpg,301,1310,3607,39,bbr,q046
2025-03-01T10:06:04Z,2364,POST,/image/banner.jpg,206,6343,21592,25,bbr,q046
2025-03-01T10:06:16Z,5945,GET,/assets/app.js,301,1932,549,38,bbr,q050
2025-03-01T10:04:52Z,7164,PUT,/index.html,500,1223,2576,26,bbr,q046
2025-03-01T10:05:06Z,3309,POST,/assets/app.js,301,1598,4620,25,cubic,q043
2025-03-01T10:06:18Z,6222,POST,/,200,5421,72664,21,bbr,q046
2025-03-01T10:05:01Z,6450,GET,/,302,412,732,31,cubic,q050
2025-03-01T10:04:26Z,664,PUT,/index.html,301,1742,4314,33,bbr,q046
2025-03-01T10:06:18Z,3868,PUT,/image/banner.jpg,200,3362,40947,23,bbr,q043
2025-03-01T10:04:43Z,801,DELETE,/,302,831,4576,28,bbr,q050
2025-03-01T10:06:16Z,6591,POST,/,302,327,4149,36,cubic,q043
2025-03-01T10:05:47Z,7255,PUT,/index.html,200,5534,74436,26,cubic,q046
2025-03-01T10:05:57Z,1333,GET,/assets/style.css,302,1644,1659,21,bbr,q046
2025-03-01T10:06:20Z,3778,DELETE,/image/banner.jpg,206,6432,67213,21,bbr,q050
2025-03-01T10:05:56Z,213,DELETE,/image/banner.jpg,401,1424,2011,56,bbr,q046
2025-03-01T10:06:04Z,9595,PUT,/assets/style.css,302,445,1233,14,bbr,q043
2025-03-01T10:06:11Z,7965,DELETE,/image/banner.jpg,503,1537,1688,35,cubic,q043
2025-03-01T10:05:47Z,4279,PUT,/index.html,302,1351,50,30,bbr,q050
2025-03-01T10:04:54Z,2004,DELETE,/image/banner.jpg,301,1618,1710,12,cubic,q043
2025-03-01T10:06:22Z,3519,POST,/assets/app.js,302,1848,707,20,bbr,q043
2025-03-01T10:04:38Z,5367,DELETE,/,301,1621,1988,17,bbr,q050
2025-03-01T10:04:41Z,6421,GET,/assets/style.css,200,9471,40315,31,bbr,q050
2025-03-01T10:04:47Z,8516,DELETE,/index.html,302,1422,3815,8,bbr,q046
2025-03-01T10:06:23Z,8454,GET,/image/banner.jpg,200,7731,13280,22,bbr,q046
2025-03-01T10:06:34Z,2980,POST,/,200,1067,4840,22,bbr,q050
2025-03-01T10:06:26Z,8558,DELETE,/index.html,302,458,2850,30,bbr,q050
2025-03-01T10:05:30Z,3801,DELETE,/image/banner.jpg,502,1415,1767,24,bbr,q046
2025-03-01T10:06:34Z,8660,PUT,/image/banner.jpg,503,1016,3933,20,bbr,q046
2025-03-01T10:05:16Z,3924,GET,/,302,736,2803,20,bbr,q043
2025-03-01T10:05:16Z,9847,PUT,/assets/app.js,302,1595,2263,31,cubic,q050
2025-03-01T10:06:11Z,5766,GET,/assets/app.js,200,2724,14395,30,bbr,q050
2025-03-01T10:06:09Z,5956,POST,/,503,111,4812,31,bbr,q046
2025-03-01T10:06:08Z,3999,GET,/index.html,206,5811,20045,16,cubic,q043
2025-03-01T10:04:51Z,9326,POST,/,200,4352,33680,19,cubic,q046
2025-03-01T10:06:43Z,1575,PUT,/index.html,200,3834,12241,22,bbr,q046
2025-03-01T10:04:43Z,5880,PUT,/assets/style.css,301,1442,1371,30,bbr,q043
2025-03-01T10:05:36Z,7482,PUT,/index.html,206,6339,34309,20,bbr,q046
2025-03-01T10:05:22Z,5806,GET,/assets/style.css,206,5171,51353,22,bbr,q046
2025-03-01T10:05:59Z,701,GET,/assets/app.js,200,7091,56625,35,bbr,q046
2025-03-01T10:04:45Z,1433,PUT,/assets/style.css,206,7937,32650,23,bbr,q050
2025-03-01T10:06:00Z,1936,PUT,/assets/style.css,200,784,77109,14,bbr,q050
2025-03-01T10:06:23Z,4974,PUT,/assets/style.css,302,462,615,34,bbr,q050
2025-03-01T10:05:36Z,2820,DELETE,/image/banner.jpg,404,663,2087,24,bbr,q043
2025-03-01T10:06:19Z,793,DELETE,/,301,803,1785,31,cubic,q043
2025-03-01T10:05:20Z,2356,GET,/index.html,301,1892,384,37,bbr,q043
2025-03-01T10:07:12Z,7161,DELETE,/image/banner.jpg,301,492,741,18,bbr,q050
2025-03-01T10:05:41Z,8826,PUT,/assets/app.js,206,5447,66660,22,bbr,q043
2025-03-01T10:05:37Z,6820,POST,/image/banner.jpg,301,143,2653,37,bbr,q043
2025-03-01T10:04:58Z,56,PUT,/index.html,200,7399,60947,27,bbr,q050
2025-03-01T10:05:23Z,3196,GET,/index.html,200,9888,13351,24,bbr,q043
2025-03-01T10:06:09Z,1120,GET,/assets/style.css,206,7112,67430,16,bbr,q043
2025-03-01T10:06:49Z,3399,GET,/image/banner.jpg,301,1435,1458,28,bbr,q043
2025-03-01T10:07:21Z,6094,POST,/assets/style.css,200,8499,27235,34,bbr,q043
2025-03-01T10:07:02Z,5644,POST,/assets/app.js,429,174,3232,19,bbr,q050
2025-03-01T10:06:41Z,8843,DELETE,/,206,837,23159,18,bbr,q050
2025-03-01T10:05:32Z,7826,GET,/index.html,429,1809,4596,23,bbr,q046
2025-03-01T10:05:29Z,3278,PUT,/image/banner.jpg,206,4690,22701,22,bbr,q046
2025-03-01T10:05:55Z,9144,DELETE,/index.html,206,7837,32721,23,bbr,q050
2025-03-01T10:07:00Z,4830,POST,/index.html,302,1065,858,48,bbr,q046
2025-03-01T10:05:42Z,4931,POST,/assets/style.css,302,1637,1033,40,bbr,q050
2025-03-01T10:06:12Z,1575,POST,/index.html,400,1898,2568,36,bbr,q043
2025-03-01T10:06:04Z,5685,PUT,/image/banner.jpg,200,1262,8845,32,bbr,q043
2025-03-01T10:06:55Z,2751,DELETE,/index.html,302,1780,2476,30,bbr,q046
2025-03-01T10:06:25Z,4707,GET,/,404,214,2106,18,bbr,q050
2025-03-01T10:06:18Z,3706,GET,/index.html,206,3035,51251,23,bbr,q046
2025-03-01T10:05:56Z,4161,POST,/assets/app.js,301,782,2106,24,bbr,q046
2025-03-01T10:06:50Z,1839,DELETE,/assets/style.css,206,2972,40393,32,bbr,q043
2025-03-01T10:06:30Z,3062,DELETE,/image/banner.jpg,302,790,4379,15,cubic,q043
2025-03-01T10:05:31Z,8321,PUT,/index.html,206,8594,32722,32,cubic,q050
2025-03-01T10:05:12Z,3314,DELETE,/index.html,200,3392,56042,29,bbr,q043
2025-03-01T10:05:56Z,4425,DELETE,/image/banner.jpg,206,1973,5222,25,bbr,q046
2025-03-01T10:06:32Z,3328,PUT,/,302,762,520,50,bbr,q046
2025-03-01T10:05:22Z,3721,POST,/,200,6581,17783,25,bbr,q050
2025-03-01T10:06:10Z,5737,DELETE,/assets/style.css,200,2832,56419,36,bbr,q050
2025-03-01T10:05:55Z,4091,DELETE,/assets/app.js,302,892,4560,25,bbr,q050
2025-03-01T10:06:22Z,676,GET,/index.html,200,1171,26508,27,bbr,q046
2025-03-01T10:05:54Z,5444,GET,/assets/style.css,302,357,2200,30,bbr,q043
2025-03-01T10:07:37Z,4994,POST,/assets/style.css,302,1677,169,27,bbr,q046
2025-03-01T10:06:03Z,1250,GET,/index.html,206,3367,8115,28,bbr,q043
2025-03-01T10:06:43Z,1556,POST,/index.html,206,9602,15075,16,bbr,q046
2025-03-01T10:06:08Z,9683,DELETE,/image/banner.jpg,301,1932,2773,46,bbr,q043
2025-03-01T10:05:45Z,852,POST,/assets/style.css,301,1321,1771,30,bbr,q050
2025-03-01T10:07:23Z,6047,GET,/assets/style.css,200,6880,75033,24,bbr,q043
2025-03-01T10:06:50Z,1449,DELETE,/assets/app.js,302,1391,4678,23,bbr,q046
2025-03-01T10:07:34Z,1196,GET,/assets/app.js,302,1986,383,26,bbr,q050
2025-03-01T10:05:39Z,6262,GET,/,200,3177,13907,16,cubic,q050
2025-03-01T10:05:58Z,9710,DELETE,/assets/app.js,206,1216,46949,18,bbr,q043
2025-03-01T10:06:53Z,5749,DELETE,/assets/style.css,302,1265,1010,38,bbr,q043
2025-03-01T10:07:13Z,265,PUT,/index.html,503,1831,624,25,bbr,q043
2025-03-01T10:06:05Z,3421,GET,/,302,372,1260,29,cubic,q043
2025-03-01T10:07:06Z,1825,PUT,/assets/app.js,302,1729,2099,32,bbr,q050
2025-03-01T10:07:53Z,6957,POST,/image/banner.jpg,206,7125,73325,26,bbr,q050
2025-03-01T10:07:12Z,9993,POST,/index.html,200,2870,51972,22,cubic,q043
2025-03-01T10:06:34Z,9136,PUT,/image/banner.jpg,200,5221,818,22,bbr,q050
2025-03-01T10:05:51Z,4146,PUT,/index.html,200,1524,71963,28,bbr,q050
2025-03-01T10:07:57Z,1076,GET,/image/banner.jpg,206,8938,21774,27,bbr,q043
2025-03-01T10:07:46Z,209,GET,/,403,750,4036,36,bbr,q043
2025-03-01T10:07:24Z,6150,GET,/assets/app.js,200,3761,45277,26,bbr,q050
2025-03-01T10:06:05Z,4713,PUT,/assets/app.js,206,9098,29789,20,bbr,q050
2025-03-01T10:06:54Z,2973,PUT,/index.html,206,675,15326,16,cubic,q043
2025-03-01T10:07:11Z,1815,GET,/,206,5308,68664,30,bbr,q050
2025-03-01T10:06:55Z,8313,POST,/assets/style.css,302,659,1591,18,bbr,q046
2025-03-01T10:06:43Z,8446,GET,/index.html,301,1251,2947,28,bbr,q046
2025-03-01T10:08:19Z,8345,GET,/image/banner.jpg,302,1224,4260,48,bbr,q046
2025-03-01T10:07:28Z,6550,POST,/,206,2127,69168,21,bbr,q046
2025-03-01T10:08:08Z,8288,DELETE,/image/banner.jpg,200,656,69909,23,bbr,q043
2025-03-01T10:07:57Z,2829,PUT,/assets/style.css,206,3504,41670,25,bbr,q043
2025-03-01T10:06:50Z,273,POST,/,206,3849,50472,22,cubic,q050
2025-03-01T10:05:45Z,9647,DELETE,/image/banner.jpg,200,4727,22231,21,bbr,q046
2025-03-01T10:06:35Z,5747,GET,/image/banner.jpg,400,1666,252,24,bbr,q046
2025-03-01T10:08:07Z,6385,POST,/assets/app.js,206,6809,29662,33,bbr,q046
2025-03-01T10:08:31Z,5208,GET,/index.html,200,2250,8237,13,bbr,q046
2025-03-01T10:06:47Z,3079,GET,/,302,704,2567,31,bbr,q050
2025-03-01T10:06:09Z,3822,GET,/assets/style.css,206,3285,31596,18,bbr,q046
2025-03-01T10:07:47Z,8825,POST,/assets/app.js,301,847,969,20,bbr,q043
2025-03-01T10:06:56Z,2914,POST,/image/banner.jpg,206,5998,48637,11,bbr,q043
2025-03-01T10:06:17Z,21,PUT,/assets/app.js,301,226,2662,36,bbr,q043
2025-03-01T10:08:39Z,7837,DELETE,/image/banner.jpg,302,1677,4250,35,bbr,q043
2025-03-01T10:07:14Z,9783,DELETE,/,400,1012,3666,42,bbr,q043
2025-03-01T10:06:46Z,7085,POST,/assets/style.css,200,9880,69130,21,bbr,q043
2025-03-01T10:05:49Z,7667,POST,/index.html,200,3365,52553,18,bbr,q050
2025-03-01T10:06:43Z,2061,POST,/image/banner.jpg,206,7913,47390,33,bbr,q050
2025-03-01T10:07:13Z,5349,GET,/,301,162,3764,27,bbr,q043
2025-03-01T10:08:14Z,9895,GET,/,503,1300,2128,20,bbr,q046
2025-03-01T10:08:13Z,5319,GET,/image/banner.jpg,206,6954,18550,28,cubic,q050
2025-03-01T10:08:45Z,6571,POST,/image/banner.jpg,301,102,3635,29,bbr,q043
2025-03-01T10:07:25Z,6385,GET,/,206,2970,72113,18,bbr,q046
2025-03-01T10:08:28Z,490,POST,/assets/app.js,301,1506,1653,36,bbr,q043
2025-03-01T10:07:34Z,7250,GET,/assets/app.js,301,271,2750,31,bbr,q046
2025-03-01T10:06:39Z,3394,DELETE,/assets/app.js,301,1575,3024,39,bbr,q043
2025-03-01T10:06:28Z,4375,POST,/,302,831,2326,34,bbr,q043
2025-03-01T10:07:39Z,1496,POST,/assets/app.js,301,1214,1906,24,bbr,q050
2025-03-01T10:07:50Z,9672,DELETE,/index.html,206,6420,57213,25,bbr,q050
2025-03-01T10:08:54Z,3042,POST,/,200,4858,34817,20,bbr,q050
2025-03-01T10:06:16Z,7910,GET,/assets/app.js,206,3844,70384,25,bbr,q046
2025-03-01T10:08:27Z,7961,DELETE,/index.html,500,1675,1143,23,bbr,q050
2025-03-01T10:07:17Z,6147,POST,/assets/app.js,200,9999,77520,25,bbr,q046
2025-03-01T10:08:59Z,6008,GET,/image/banner.jpg,301,1951,199,30,bbr,q046
2025-03-01T10:06:45Z,2981,POST,/assets/app.js,200,1893,59313,26,cubic,q046
2025-03-01T10:06:16Z,5713,PUT,/assets/app.js,301,698,4518,49,bbr,q046
2025-03-01T10:06:14Z,50,PUT,/,200,9795,66206,25,bbr,q046
2025-03-01T10:06:42Z,7337,DELETE,/assets/style.css,301,290,1572,35,bbr,q043
2025-03-01T10:07:00Z,8077,DELETE,/,206,576,58390,23,cubic,q046
2025-03-01T10:07:14Z,9610,DELETE,/,500,1843,611,48,bbr,q050
2025-03-01T10:09:01Z,2981,PUT,/,301,1923,1968,26,bbr,q046
2025-03-01T10:08:04Z,6887,DELETE,/index.html,301,1477,3422,38,cubic,q043
2025-03-01T10:06:38Z,3550,DELETE,/assets/app.js,206,1056,42616,22,bbr,q046
2025-03-01T10:06:56Z,8468,POST,/index.html,301,1751,655,20,bbr,q046
2025-03-01T10:08:46Z,4444,GET,/assets/app.js,206,3519,47296,24,bbr,q043
2025-03-01T10:08:35Z,2883,DELETE,/image/banner.jpg,200,919,45079,19,bbr,q043
2025-03-01T10:08:59Z,6859,DELETE,/assets/app.js,206,8114,26930,21,bbr,q046
2025-03-01T10:08:11Z,8570,PUT,/index.html,403,281,1840,29,cubic,q043
2025-03-01T10:07:37Z,9778,DELETE,/image/banner.jpg,200,3978,36149,32,cubic,q050
2025-03-01T10:07:08Z,5258,GET,/assets/app.js,206,9613,34351,25,bbr,q046
2025-03-01T10:08:04Z,1724,DELETE,/,301,1393,3918,29,cubic,q043
2025-03-01T10:07:06Z,8967,POST,/assets/app.js,301,615,901,34,bbr,q046
2025-03-01T10:06:49Z,659,POST,/,200,682,56306,22,bbr,q043
2025-03-01T10:07:41Z,2487,DELETE,/index.html,200,8330,57300,27,bbr,q043
2025-03-01T10:07:49Z,7765,DELETE,/image/banner.jpg,206,7389,57024,14,bbr,q043
2025-03-01T10:08:48Z,6219,POST,/image/banner.jpg,301,1634,4756,32,bbr,q050
2025-03-01T10:06:46Z,9186,PUT,/,302,1791,1316,26,bbr,q050
2025-03-01T10:08:32Z,4696,PUT,/image/banner.jpg,200,648,75907,25,bbr,q050
2025-03-01T10:07:12Z,5296,POST,/assets/app.js,301,1000,1065,38,cubic,q046
2025-03-01T10:09:13Z,5255,POST,/,206,7388,67385,25,bbr,q050
2025-03-01T10:06:41Z,436,DELETE,/index.html,302,1768,2584,40,bbr,q050
2025-03-01T10:07:32Z,1367,PUT,/index.html,206,7375,26752,25,bbr,q046
2025-03-01T10:07:39Z,1030,GET,/,301,1138,4365,25,bbr,q043
2025-03-01T10:08:47Z,8523,DELETE,/image/banner.jpg,404,1997,4170,38,cubic,q046
2025-03-01T10:08:39Z,2740,PUT,/assets/style.css,301,647,2648,25,bbr,q046
2025-03-01T10:07:06Z,1435,GET,/assets/app.js,206,3312,56971,31,bbr,q043
2025-03-01T10:07:41Z,9571,GET,/assets/app.js,301,393,165,26,cubic,q050
2025-03-01T10:08:57Z,7400,PUT,/,302,425,3905,30,bbr,q046
2025-03-01T10:09:28Z,2593,GET,/assets/style.css,301,1381,3328,21,bbr,q043
2025-03-01T10:07:40Z,8087,POST,/,200,9566,75647,19,bbr,q046
2025-03-01T10:08:18Z,1793,POST,/index.html,302,473,1213,29,bbr,q050
2025-03-01T10:09:11Z,2475,GET,/index.html,302,1085,1156,26,bbr,q043
2025-03-01T10:07:02Z,9154,DELETE,/,302,164,1047,25,bbr,q046
2025-03-01T10:09:26Z,4040,PUT,/assets/style.css,200,726,9757,28,bbr,q050
2025-03-01T10:09:33Z,5833,GET,/index.html,400,1491,340,37,bbr,q046
2025-03-01T10:07:31Z,1639,DELETE,/assets/style.css,301,223,2189,32,cubic,q043
2025-03-01T10:06:47Z,5718,PUT,/index.html,301,546,1832,34,bbr,q050
2025-03-01T10:07:50Z,9955,DELETE,/assets/style.css,206,2137,18911,20,bbr,q043
2025-03-01T10:08:06Z,6770,PUT,/assets/style.css,301,1201,1316,19,cubic,q046
2025-03-01T10:07:29Z,3282,DELETE,/,200,9383,72433,25,bbr,q050
