2025-03-01T10:10:00Z,4146,GET,/assets/app.js,301,1484,4441,44,bbr,q050
2025-03-01T10:10:01Z,9125,GET,/login,302,1073,4615,65,cubic,q050
2025-03-01T10:10:01Z,9687,DELETE,/download/report.pdf,404,686,4290,114,cubic,q050
2025-03-01T10:10:03Z,1709,PUT,/image/banner.jpg,429,1291,1301,45,bbr,q050
2025-03-01T10:10:03Z,3051,PUT,/index.html,302,104,1241,67,cubic,q046
2025-03-01T10:10:04Z,7920,POST,/image/banner.jpg,206,9620,8874,52,bbr,q043
2025-03-01T10:10:06Z,9838,PUT,/download/report.pdf,403,1166,2319,1,bbr,q043
2025-03-01T10:10:06Z,4131,GET,/login,206,6183,33401,36,bbr,q043
2025-03-01T10:10:08Z,9171,PUT,/upload,301,1275,435,90,cubic
2025-03-01T10:10:08Z,6422,GET,/,301,309,2446,100,cubic,q050
2025-03-01T10:10:08Z,9570,POST,/assets/style.css,206,4494,24240,17,cubic,q046
2025-03-01T10:10:12Z,1595,PUT,/image/banner.jpg,400,1616,1706,75,bbr,q046
2025-03-01T10:10:11Z,3350,GET,/assets/style.css,200,4105,19973,11,cubic,q043
2025-03-01T10:10:14Z,9398,DELETE,/assets/app.js,302,600,4559,40,bbr,q046
2025-03-01T10:10:12Z,3247,GET,/index.html,404,1006,3233,53,bbr,q046
2025-03-01T10:10:12Z,576,PUT,/api/order,503,919,3286,32,bbr,q043
2025-03-01T10:10:15Z,799,POST,/index.html,206,3319,37932,26,cubic,q043
2025-03-01T10:10:17Z,4659,GET,/assets/style.css,200,8762,20249,60,cubic,q050
2025-03-01T10:10:18Z,2440,PUT,/index.html,302,1545,3568,69,cubic,q046
2025-03-01T10:10:20Z,9113,DELETE,/upload,401,1635,2509,30,bbr,q046
2025-03-01T10:10:20Z,6392,DELETE,/api/user,302,412,4149,66,bbr,q050
2025-03-01T10:10:20Z,2787,POST,/,301,221,3229,131,bbr,q050
2025-03-01T10:10:21Z,2081,GET,/login,401,544,2866,63,cubic,q046
###BAD_LINE### 2025-03-01T10:10:22Z,
2025-03-01T10:10:19Z,4413,PUT,/download/report.pdf,301,414,842,80,bbr,q050
2025-03-01T10:10:23Z,9087,DELETE,/login,502,565,4264,96,cubic,q043
2025-03-01T10:10:29Z,3861,POST,/api/user,206,6716,62877,36,cubic,q046
2025-03-01T10:10:21Z,2197,PUT,/api/order,301,957,1743,88,bbr,q043
2025-03-01T10:10:24Z,7130,GET,/image/banner.jpg,200,3366,44630,51,cubic,q050,UNKNOWN_FIELD
2025-03-01T10:10:28Z,9470,DELETE,/image/banner.jpg,429,855,4793,67,cubic,q046
2025-03-01T10:10:25Z,394,GET,/index.html,403,1636,496,78,bbr,q050
2025-03-01T10:10:26Z,4772,DELETE,/image/banner.jpg,503,492,4231,67,bbr,q046
2025-03-01T10:10:32Z,5691,GET,/upload,500,1047,3660,29,cubic,q050
2025-03-01T10:10:36Z,4265,POST,/index.html,301,502,4266,63,bbr,q050
2025-03-01T10:10:38Z,4168,PUT,/download/report.pdf,206,4587,21785,39,cubic,q046
2025-03-01T10:10:32Z,5482,POST,/api/order,302,1451,2479,63,bbr,q046
2025-03-01T10:10:34Z,8994,POST,/,401,850,3926,82,cubic,q050
2025-03-01T10:10:40Z,4091,PUT,/api/order,404,196,330,20,bbr,q046
2025-03-01T10:10:44Z,507,PUT,/assets/style.css,200,1838,47310,12,bbr,q050
2025-03-01T10:10:46Z,9569,GET,/upload,200,9760,21561,44,cubic,q046
2025-03-01T10:10:38Z,804,POST,/api/order,200,9913,19664,48,cubic,q043
2025-03-01T10:10:34Z,896,DELETE,/download/report.pdf,400,1191,799,113,cubic,q043
2025-03-01T10:10:47Z,5719,PUT,/assets/app.js,302,1606,4565,80,bbr,q050
2025-03-01T10:10:34Z,8287,POST,/api/user,403,556,169,32,cubic,q043
2025-03-01T10:10:35Z,1203,GET,/image/banner.jpg,206,9420,77396,30,bbr,q046
2025-03-01T10:10:50Z,7252,GET,/assets/style.css,403,308,1019,51,bbr,q050
2025-03-01T10:10:48Z,4458,PUT,/upload,401,124,577,77,bbr,q043
2025-03-01T10:10:43Z,9076,DELETE,/login,301,1987,1725,73,bbr,q046
2025-03-01T10:10:41Z,3397,GET,/assets/style.css,302,322,477,17,bbr,q046
2025-03-01T10:10:39Z,3991,PUT,/api/user,503,152,3639,76,cubic,q043
2025-03-01T10:10:43Z,3671,DELETE,/download/report.pdf,301,1356,498,8,cubic,q050
2025-03-01T10:10:44Z,7346,DELETE,/,429,1905,4967,78,bbr,q046
2025-03-01T10:10:59Z,7947,PUT,/assets/app.js,301,1242,3100,72,bbr,q043
2025-03-01T10:10:56Z,7166,POST,/,200,5430,40825,50,bbr,q050
2025-03-01T10:11:03Z,7571,PUT,/api/user,302,328,1737,43,cubic,q043
2025-03-01T10:10:58Z,757,POST,/download/report.pdf,400,1935,4111,35,cubic,q043
2025-03-01T10:11:04Z,3120,DELETE,/assets/style.css,206,9506,18396,33,cubic,q043
2025-03-01T10:10:56Z,8442,POST,/image/banner.jpg,200,8560,19496,47,cubic,q043
2025-03-01T10:10:48Z,5967,PUT,/download/report.pdf,429,1143,2773,56,bbr,q050
2025-03-01T10:11:07Z,8184,PUT,/login,302,1780,834,92,bbr,q046
2025-03-01T10:11:10Z,3137,DELETE,/assets/app.js,200,3242,57497,49,cubic,q043
2025-03-01T10:10:59Z,4991,POST,/api/user,401,1224,2995,92,bbr,q050
2025-03-01T10:11:09Z,5731,POST,/index.html,206,1624,22910,41,cubic,q050
2025-03-01T10:10:59Z,7429,DELETE,/upload,500,753,1211,45,cubic,q050
2025-03-01T10:11:05Z,8875,GET,/download/report.pdf,302,1366,3930,68,bbr,q043
2025-03-01T10:10:58Z,5592,POST,/,502,1921,1082,67,cubic,q050
2025-03-01T10:11:15Z,5718,POST,/index.html,206,4386,36501,35,bbr,q046
2025-03-01T10:11:17Z,3189,POST,/login,301,1542,2531,55,cubic,q046
2025-03-01T10:11:02Z,1322,DELETE,/assets/app.js,200,4706,45774,49,bbr,q043
2025-03-01T10:11:07Z,3985,GET,/api/user,500,1676,4983,7,bbr,q050
2025-03-01T10:10:57Z,9926,PUT,/upload,404,647,4268,25,cubic,q050
2025-03-01T10:11:02Z,9468,PUT,/assets/style.css,503,1989,1421,89,bbr,q050
2025-03-01T10:11:16Z,8240,POST,/assets/app.js,429,1032,2646,65,bbr,q046
2025-03-01T10:11:10Z,7032,DELETE,/api/user,429,1252,3193,48,cubic,q050
2025-03-01T10:11:23Z,9691,POST,/assets/app.js,302,1956,461,78,cubic,q046
2025-03-01T10:11:19Z,5304,POST,/,302,885,1119,26,bbr,q050
2025-03-01T10:11:21Z,159,POST,/assets/app.js,503,1415,525,76,cubic,q043
2025-03-01T10:11:31Z,8561,POST,/index.html,200,5084,50696,37,cubic,q046
2025-03-01T10:11:12Z,4070,POST,/assets/app.js,302,372,1404,110,bbr,q043
2025-03-01T10:11:28Z,1875,PUT,/download/report.pdf,401,1631,392,32,bbr,q046
2025-03-01T10:11:27Z,2705,DELETE,/api/user,404,1076,4353,101,cubic,q046
2025-03-01T10:11:23Z,833,DELETE,/assets/style.css,200,2690,70903,16,bbr,q043
2025-03-01T10:11:18Z,9346,GET,/api/user,401,364,3174,42,cubic,q046
2025-03-01T10:11:29Z,7324,GET,/assets/style.css,502,1478,1362,74,bbr,q050
2025-03-01T10:11:31Z,1910,PUT,/api/order,500,248,2021,68,bbr,q043
###BAD_LINE### 2025-03-01T10:11:26Z,5307
2025-03-01T10:11:28Z,3312,PUT,/index.html,302,310,431,72,bbr,q043
2025-03-01T10:11:34Z,7040,DELETE,/assets/style.css,401,716,869,81,bbr,q043
2025-03-01T10:11:14Z,5198,POST,/index.html,301,658,1348,54,bbr,q050
2025-03-01T10:11:44Z,5507,PUT,/api/order,200,6827,9555,46,bbr,q046
2025-03-01T10:11:12Z,7190,GET,/image/banner.jpg,404,241,2781,38,bbr,q046
2025-03-01T10:11:27Z,7146,GET,/upload,206,7752,14087,48,cubic,q043
2025-03-01T10:11:22Z,7317,DELETE,/download/report.pdf,206,2738,59977,52,bbr,q046
2025-03-01T10:11:36Z,1005,GET,/,401,681,50,17,cubic,q046
2025-03-01T10:11:37Z,6637,POST,/,302,121,4451,49,bbr,q043
2025-03-01T10:11:33Z,5219,PUT,/index.html,301,1187,2993,60,bbr,q046
2025-03-01T10:11:41Z,7691,PUT,/image/banner.jpg,301,1824,1564,27,cubic,q050
2025-03-01T10:11:25Z,1432,PUT,/api/order,302,1629,4771,76,cubic,q046
2025-03-01T10:11:38Z,4859,PUT,/api/user,302,1670,3511,61,bbr,q046
2025-03-01T10:11:56Z,8136,DELETE,/upload,404,924,1958,46,bbr,q046
2025-03-01T10:11:59Z,2737,DELETE,/index.html,302,683,661,92,bbr,q050
2025-03-01T10:11:41Z,1328,DELETE,/image/banner.jpg,503,619,2810,70,cubic,q046
2025-03-01T10:11:59Z,7273,POST,/upload,301,171,4119,71,cubic,q043
2025-03-01T10:11:27Z,7576,GET,/image/banner.jpg,301,1458,1658,65,bbr,q043
2025-03-01T10:11:27Z,4574,GET,/upload,301,1768,3165,30,cubic,q046
2025-03-01T10:11:29Z,8443,POST,/assets/style.css,401,137,4099,87,bbr,q050
2025-03-01T10:11:58Z,3593,GET,/login,206,2913,39724,22,bbr,q043
2025-03-01T10:12:02Z,1626,POST,/assets/style.css,401,1930,1697,50,cubic,q043
2025-03-01T10:11:30Z,4702,DELETE,/image/banner.jpg,200,1524,24520,5,bbr,q046
###BAD_LINE### 2025-03-01T10:11:45Z,4
2025-03-01T10:11:41Z,9859,GET,/assets/app.js,302,1381,1173,94,cubic,q043
2025-03-01T10:11:34Z,1082,POST,/,206,9200,21611,22,bbr,q050
2025-03-01T10:11:44Z,2545,PUT,/index.html,301,1928,3994,31,bbr,q043
2025-03-01T10:11:35Z,5766,GET,/api/order,206,3237,24581,15,cubic,q050
2025-03-01T10:11:41Z,818,POST,/assets/style.css,200,9196,8638,45,cubic,q046
2025-03-01T10:11:57Z,4670,POST,/assets/style.css,302,1734,78,83,cubic,q043
2025-03-01T10:11:56Z,2519,PUT,/assets/style.css,500,367,2523,79,bbr,q046
2025-03-01T10:11:34Z,9946,DELETE,/assets/app.js,500,664,3302,71,bbr,q050
2025-03-01T10:11:51Z,3423,PUT,/download/report.pdf,429,1246,1128,32,bbr,q050
2025-03-01T10:11:39Z,9728,GET,/api/user,500,1795,3513,95,cubic,q050
2025-03-01T10:12:11Z,7146,GET,/download/report.pdf,301,533,4280,55,bbr,q050
2025-03-01T10:11:49Z,6574,POST,/assets/app.js,503,697,4147,115,bbr,q043
2025-03-01T10:11:53Z,354,GET,/download/report.pdf,200,2002,69122,44,bbr,q043
2025-03-01T10:11:52Z,5323,PUT,/api/user,301,121,2915,25,bbr,q043
2025-03-01T10:12:14Z,3437,POST,/api/order,502,477,769,73,cubic,q050
2025-03-01T10:12:07Z,8643,PUT,/download/report.pdf,400,621,482,71,cubic,q043
2025-03-01T10:12:19Z,4148,GET,/assets/app.js,206,2435,13391,50,bbr,q043
2025-03-01T10:12:06Z,8520,DELETE,/api/user,200,1859,41961,40,bbr,q050
2025-03-01T10:12:15Z,8146,DELETE,/login,302,1529,2427,59,cubic,q043
2025-03-01T10:11:58Z,2113,PUT,/api/user,200,1163,24215,14,bbr,q043
2025-03-01T10:12:28Z,2909,GET,/assets/style.css,302,206,1871,66,cubic,q046
2025-03-01T10:11:59Z,5375,DELETE,/login,502,749,3085,34,cubic,q043
2025-03-01T10:12:11Z,7462,GET,/download/report.pdf,301,1631,809,84,cubic,q043
2025-03-01T10:12:29Z,3894,GET,/assets/app.js,400,802,4294,47,cubic,q050
2025-03-01T10:12:04Z,8029,POST,/upload,401,1850,272,57,bbr,q043,UNKNOWN_FIELD
2025-03-01T10:12:10Z,8852,DELETE,/index.html,400,488,2703,27,cubic,q043
2025-03-01T10:12:23Z,7874,DELETE,/assets/app.js,206,2829,26587,18,cubic,q046
2025-03-01T10:12:26Z,4623,GET,/api/order,206,8954,67276,32,cubic,q043
2025-03-01T10:11:55Z,5960,GET,/api/order,301,285,4266,42,bbr,q046
2025-03-01T10:12:28Z,8617,PUT,/index.html,502,857,940,30,cubic,q046
2025-03-01T10:12:12Z,615,GET,/assets/style.css,200,8779,37085,42,cubic,q046
2025-03-01T10:12:28Z,8008,PUT,/api/user,206,4759,36660,12,bbr,q043
2025-03-01T10:12:39Z,1144,POST,/assets/style.css,206,9104,9248,44,bbr,q046
2025-03-01T10:12:11Z,9461,GET,/download/report.pdf,301,112,1355,13,bbr,q043
2025-03-01T10:11:58Z,590,POST,/login,200,3231,75885,35,cubic,q050
2025-03-01T10:12:49Z,775,DELETE,/image/banner.jpg,403,1332,3831,91,bbr,q050
2025-03-01T10:12:45Z,9707,GET,/image/banner.jpg,206,4526,51970,18,bbr,q043
2025-03-01T10:12:02Z,284,POST,/image/banner.jpg,400,1705,612,44,bbr,q043
2025-03-01T10:12:24Z,8165,PUT,/assets/style.css,404,1296,4382,67,cubic,q043
2025-03-01T10:12:08Z,2162,GET,/assets/style.css,401,1688,334,31,cubic,q046
2025-03-01T10:12:49Z,9205,DELETE,/image/banner.jpg,302,1241,3127,64,bbr,q050
2025-03-01T10:12:49Z,9816,POST,/login,500,1027,387,78,bbr,q050
2025-03-01T10:12:03Z,2561,GET,/index.html,302,992,3683,26,cubic,q050
2025-03-01T10:12:27Z,7656,GET,/index.html,502,457,973,66,bbr,q050
2025-03-01T10:12:26Z,5345,PUT,/,503,199,153,95,cubic,q043
2025-03-01T10:13:04Z,5889,DELETE,/assets/style.css,301,550,4907,44,cubic,q050
2025-03-01T10:12:38Z,5573,POST,/download/report.pdf,206,7486,12462,31,cubic,q043
2025-03-01T10:12:18Z,6021,PUT,/assets/app.js,401,985,2483,42,cubic,q046
2025-03-01T10:12:16Z,4689,PUT,/,302,1938,2910,36,bbr,q046
2025-03-01T10:12:08Z,355,DELETE,/api/user,301,1124,84,47,bbr,q046
2025-03-01T10:12:27Z,6770,DELETE,/login,401,1487,3546,16,cubic,q043
2025-03-01T10:13:06Z,7319,PUT,/assets/app.js,302,1976,4877,64,bbr,q043
2025-03-01T10:12:48Z,6841,DELETE,/,503,1979,1775,108,cubic,q050
2025-03-01T10:12:27Z,1393,PUT,/index.html,400,577,3213,36,cubic,q043
2025-03-01T10:13:14Z,3688,PUT,/assets/app.js,302,1452,2264,74,cubic,q043
2025-03-01T10:13:09Z,5675,PUT,/api/order,206,8024,37336,45,bbr,q050
2025-03-01T10:13:02Z,8373,DELETE,/assets/style.css,400,1820,459,89,cubic,q046
2025-03-01T10:12:38Z,9783,POST,/api/user,301,195,3910,35,bbr,q046
2025-03-01T10:12:42Z,981,PUT,/api/user,200,8929,22932,17,bbr,q043
2025-03-01T10:12:40Z,5936,GET,/login,301,550,647,80,cubic,q046
2025-03-01T10:13:20Z,6072,DELETE,/,401,194,461,45,cubic,q050
2025-03-01T10:13:25Z,9584,PUT,/assets/style.css,502,275,1461,71,cubic,q043
2025-03-01T10:13:20Z,6828,GET,/download/report.pdf,429,956,717,38,cubic,q043
2025-03-01T10:12:30Z,4472,DELETE,/index.html,401,1901,1907,38,bbr,q043
2025-03-01T10:12:27Z,3626,PUT,/,206,7585,62309,2,cubic,q050
2025-03-01T10:13:22Z,968,DELETE,/,404,1750,3652,27,bbr,q050
2025-03-01T10:13:02Z,2201,DELETE,/assets/style.css,403,1389,4171,82,cubic,q043
2025-03-01T10:12:46Z,2399,GET,/upload,206,1681,56779,12,bbr,q046
2025-03-01T10:12:51Z,8695,GET,/,302,256,1647,17,cubic,q050
2025-03-01T10:12:25Z,886,GET,/,206,8870,7279,47,cubic,q050
2025-03-01T10:13:13Z,5310,PUT,/assets/style.css,503,1364,1847,38,bbr,q043
2025-03-01T10:12:25Z,3349,POST,/assets/app.js,403,265,4663,55,bbr,q046
2025-03-01T10:12:37Z,7184,GET,/assets/app.js,400,655,3213,67,cubic,q043
2025-03-01T10:13:26Z,2505,PUT,/index.html,200,2011,9372,2,bbr,q043
2025-03-01T10:13:36Z,3055,DELETE,/upload,301,1468,2967,43,bbr,q043
2025-03-01T10:12:53Z,7407,DELETE,/download/report.pdf,429,116,3800,75,bbr,q046
2025-03-01T10:12:29Z,3378,POST,/,200,8197,9239,53,bbr,q046
2025-03-01T10:12:44Z,7601,POST,/assets/app.js,400,1671,4449,75,cubic,q046
2025-03-01T10:13:25Z,5625,GET,/download/report.pdf,302,782,1564,61,bbr,q043
2025-03-01T10:12:59Z,2915,DELETE,/image/banner.jpg,206,6052,54170,57,cubic,q043
2025-03-01T10:13:09Z,7097,POST,/,301,103,3918,72,bbr,q046
2025-03-01T10:12:49Z,3112,GET,/assets/app.js,200,8354,45104,50,bbr,q050
2025-03-01T10:13:30Z,2359,PUT,/download/report.pdf,302,365,1798,32,cubic,q050
2025-03-01T10:13:08Z,2373,GET,/assets/app.js,503,1857,2612,45,cubic,q043
2025-03-01T10:13:02Z,5957,DELETE,/download/report.pdf,301,1447,193,54,cubic,q050
2025-03-01T10:13:48Z,2637,POST,/api/user,401,1419,2809,70,cubic,q043
2025-03-01T10:12:52Z,1622,DELETE,/login,302,841,2201,88,cubic,q050
2025-03-01T10:13:48Z,2977,GET,/api/order,401,1879,3055,82,cubic,q043
2025-03-01T10:13:04Z,6616,POST,/api/order,206,6467,37417,21,cubic,q046
2025-03-01T10:13:32Z,6534,GET,/,301,1881,105,41,cubic,q043
2025-03-01T10:12:59Z,6626,PUT,/download/report.pdf,401,1511,3509,87,cubic,q046
2025-03-01T10:12:50Z,2006,DELETE,/,429,745,3027,75,bbr,q043
2025-03-01T10:12:57Z,7738,PUT,/api/order,403,1226,199,67,bbr,q046
###BAD_LINE### 2025-03-01T10:13:26Z,49
2025-03-01T10:13:11Z,7099,DELETE,/image/banner.jpg,206,2222,13161,32,cubic,q043
2025-03-01T10:13:53Z,3723,PUT,/download/report.pdf,404,1382,4303,74,bbr,q043
2025-03-01T10:12:53Z,817,POST,/login,206,5011,42763,30,bbr,q046
2025-03-01T10:13:26Z,8145,GET,/index.html,301,586,375,67,bbr,q050
2025-03-01T10:13:01Z,9478,PUT,/api/user,429,1627,4992,40,bbr,q043
2025-03-01T10:12:55Z,6280,DELETE,/api/user,403,1214,2940,79,bbr,q043
2025-03-01T10:13:41Z,1647,PUT,/api/user,206,5900,27451,19,cubic,q046
2025-03-01T10:13:32Z,5624,POST,/assets/style.css,302,1795,1499,35,bbr,q050
2025-03-01T10:13:05Z,8917,PUT,/login,301,1489,3733,45,bbr,q050
2025-03-01T10:13:27Z,5895,PUT,/api/user,400,1521,3184,8,cubic,q046
2025-03-01T10:13:40Z,5123,DELETE,/index.html,301,535,4267,24,cubic,q050
2025-03-01T10:14:00Z,996,PUT,/api/user,301,1772,4667,46,cubic,q046
2025-03-01T10:13:48Z,9294,DELETE,/api/user,401,1507,3171,50,bbr,q050
2025-03-01T10:13:36Z,2110,POST,/upload,302,272,1179,17,bbr,q046
2025-03-01T10:14:16Z,1201,POST,/upload,403,1420,3300,86,cubic,q046
2025-03-01T10:14:12Z,5729,PUT,/assets/style.css,200,4908,12514,35,bbr,q046
2025-03-01T10:14:02Z,1051,PUT,/image/banner.jpg,400,734,3882,14,cubic,q046
2025-03-01T10:14:07Z,9843,PUT,/upload,206,4430,28421,40,cubic,q046
2025-03-01T10:13:08Z,4996,DELETE,/login,200,3158,19989,28,cubic,q050
2025-03-01T10:13:34Z,6141,DELETE,/login,301,1369,1056,65,cubic,q046
2025-03-01T10:13:38Z,6591,PUT,/upload,200,7937,30024,31,cubic,q043
2025-03-01T10:13:30Z,2876,DELETE,/api/user,206,4290,27635,42,cubic,q043
2025-03-01T10:14:08Z,65,PUT,/assets/app.js,500,697,3672,79,cubic,q043
2025-03-01T10:14:08Z,1412,DELETE,/image/banner.jpg,200,683,6867,39,bbr,q043
2025-03-01T10:14:18Z,7593,POST,/assets/style.css,401,1522,4963,1,bbr,q046
2025-03-01T10:14:16Z,8964,POST,/index.html,301,158,549,61,cubic,q046
2025-03-01T10:14:08Z,8253,DELETE,/assets/style.css,200,8954,64905,38,bbr,q050
2025-03-01T10:14:26Z,8259,DELETE,/download/report.pdf,400,1412,109,100,bbr,q046
2025-03-01T10:13:34Z,212,DELETE,/index.html,403,1094,919,53,bbr,q050
2025-03-01T10:14:16Z,9503,PUT,/assets/style.css,404,994,1863,76,bbr,q043
2025-03-01T10:14:39Z,719,PUT,/,206,1678,20239,45,bbr,q050
2025-03-01T10:13:33Z,5580,PUT,/login,200,4150,43702,29,cubic,q043
2025-03-01T10:14:21Z,9777,GET,/api/order,200,2858,30329,43,cubic,q043
2025-03-01T10:13:35Z,3105,GET,/login,301,1153,2009,60,cubic,q043
2025-03-01T10:13:28Z,2931,GET,/assets/app.js,503,852,1241,34,bbr,q046
2025-03-01T10:14:20Z,5353,PUT,/image/banner.jpg,403,1323,402,71,bbr,q046
2025-03-01T10:14:38Z,8576,PUT,/upload,301,1451,3586,35,bbr,q046
2025-03-01T10:13:27Z,2972,GET,/,200,2158,11099,21,cubic,q050
2025-03-01T10:13:30Z,6183,PUT,/login,302,445,1066,58,cubic,q050
2025-03-01T10:13:55Z,3642,PUT,/login,400,1864,4557,90,cubic,q043
2025-03-01T10:14:14Z,3680,PUT,/download/report.pdf,301,1605,3290,13,bbr,q043
2025-03-01T10:14:00Z,9289,PUT,/login,502,273,3735,66,cubic,q043
2025-03-01T10:14:44Z,755,PUT,/assets/style.css,301,1090,3253,92,bbr,q043
2025-03-01T10:14:13Z,1715,DELETE,/assets/style.css,302,1623,1266,37,cubic,q046
2025-03-01T10:14:39Z,3394,PUT,/index.html,206,8422,53876,43,bbr,q043
2025-03-01T10:14:48Z,4669,GET,/download/report.pdf,302,1000,2152,62,bbr,q046
2025-03-01T10:14:34Z,1998,POST,/assets/style.css,301,853,3253,47,bbr,q046
2025-03-01T10:13:44Z,1837,PUT,/assets/app.js,200,7371,74672,42,cubic,q050
2025-03-01T10:14:19Z,2678,POST,/upload,500,1479,2071,51,bbr,q043
2025-03-01T10:13:55Z,3288,GET,/assets/app.js,200,6720,28128,28,cubic,q046
2025-03-01T10:13:42Z,7841,PUT,/index.html,500,765,4775,35,cubic,q050
2025-03-01T10:14:29Z,9700,GET,/image/banner.jpg,401,1544,744,87,bbr,q050
2025-03-01T10:13:35Z,4191,DELETE,/index.html,302,885,1354,76,cubic,q043
2025-03-01T10:13:40Z,5840,GET,/login,200,4079,28179,33,cubic,q043
2025-03-01T10:13:52Z,9227,PUT,/download/report.pdf,429,1960,2046,45,cubic,q046
2025-03-01T10:14:43Z,9535,GET,/,503,1806,4969,74,bbr,q046
2025-03-01T10:14:36Z,5546,DELETE,/assets/style.css,403,523,2098,33,cubic,q046
2025-03-01T10:14:15Z,4413,DELETE,/assets/app.js,302,995,4729,54,cubic,q046
2025-03-01T10:13:48Z,3864,GET,/image/banner.jpg,302,864,3912,96,bbr,q046
2025-03-01T10:14:10Z,7012,POST,/upload,200,555,3610,48,bbr,q050
2025-03-01T10:13:43Z,8786,GET,/,301,123,2546,47,bbr,q050
2025-03-01T10:14:57Z,1930,POST,/api/user,500,668,669,69,bbr,q050
2025-03-01T10:13:58Z,1471,POST,/upload,302,1042,757,75,bbr,q050
2025-03-01T10:14:50Z,557,POST,/api/user,429,777,833,42,cubic,q043
2025-03-01T10:14:49Z,7012,PUT,/api/user,401,528,593,13,cubic,q043
2025-03-01T10:14:50Z,195,DELETE,/assets/app.js,302,1820,1264,91,bbr,q043
2025-03-01T10:14:48Z,9580,GET,/assets/style.css,302,1135,3811,78,bbr,q050
2025-03-01T10:15:08Z,4360,DELETE,/,200,6159,41370,28,cubic,q043
2025-03-01T10:14:02Z,4472,DELETE,/image/banner.jpg,301,690,937,45,bbr,q050
2025-03-01T10:14:37Z,8661,DELETE,/assets/style.css,502,1796,3104,67,bbr,q050
2025-03-01T10:15:09Z,6874,POST,/api/user,500,1649,1410,82,cubic,q043
2025-03-01T10:15:29Z,2530,PUT,/index.html,301,718,3385,18,cubic,q050
2025-03-01T10:14:05Z,6677,GET,/login,200,2419,32121,35,bbr,q046
2025-03-01T10:15:03Z,5049,DELETE,/api/order,302,1428,926,85,cubic,q046
2025-03-01T10:15:14Z,9855,GET,/,200,1066,25761,25,cubic,q046
2025-03-01T10:13:44Z,1180,GET,/login,429,440,2575,61,bbr,q043
2025-03-01T10:14:33Z,1985,PUT,/upload,502,1875,3384,74,cubic,q050
2025-03-01T10:15:30Z,2711,DELETE,/api/user,503,506,3661,67,cubic,q043
2025-03-01T10:14:01Z,462,POST,/image/banner.jpg,206,2709,64906,41,cubic,q046
2025-03-01T10:13:47Z,7331,GET,/download/report.pdf,302,109,670,99,bbr,q046
2025-03-01T10:15:35Z,4892,PUT,/assets/app.js,200,9561,8365,34,cubic,q050
2025-03-01T10:15:39Z,2693,DELETE,/image/banner.jpg,302,730,4216,71,bbr,q050
2025-03-01T10:15:30Z,7400,GET,/download/report.pdf,502,1573,4699,75,bbr,q043
2025-03-01T10:15:05Z,7895,DELETE,/index.html,301,409,1785,74,cubic,q043
2025-03-01T10:14:45Z,8102,POST,/assets/app.js,502,1595,2548,51,bbr,q050
2025-03-01T10:15:30Z,4891,PUT,/assets/app.js,200,8023,67026,44,cubic,q043
2025-03-01T10:15:14Z,7076,DELETE,/api/user,200,5448,34657,41,bbr,q046
2025-03-01T10:13:56Z,2297,GET,/,302,1323,3612,80,bbr,q046
2025-03-01T10:15:37Z,4150,POST,/,503,1549,2029,116,cubic,q043
2025-03-01T10:15:08Z,8780,DELETE,/index.html,200,7208,71553,17,cubic,q043
2025-03-01T10:15:30Z,9756,DELETE,/assets/style.css,302,1567,2997,42,bbr,q050
2025-03-01T10:15:19Z,1495,DELETE,/api/user,206,5574,13136,35,bbr,q050
2025-03-01T10:15:25Z,7931,PUT,/assets/style.css,502,521,4152,111,bbr,q050
2025-03-01T10:15:36Z,7825,DELETE,/index.html,200,4536,68098,42,cubic,q046
2025-03-01T10:15:54Z,4872,GET,/api/user,500,1514,3498,49,cubic,q050
2025-03-01T10:15:23Z,7793,PUT,/assets/style.css,200,2272,55133,5,cubic,q050
2025-03-01T10:14:35Z,8001,PUT,/download/report.pdf,206,777,5944,11,cubic,q046
2025-03-01T10:15:35Z,40,GET,/upload,503,1157,2890,26,cubic,q043
2025-03-01T10:14:29Z,948,GET,/index.html,400,960,4845,54,cubic,q046
2025-03-01T10:15:52Z,3502,DELETE,/,401,269,4334,28,bbr,q043
2025-03-01T10:14:33Z,2023,POST,/,301,1565,4724,37,cubic,q043
2025-03-01T10:14:23Z,3349,DELETE,/api/order,206,5955,4597,45,cubic,q046
2025-03-01T10:15:44Z,8439,GET,/download/report.pdf,503,1834,1912,40,bbr,q046
2025-03-01T10:15:06Z,1159,POST,/index.html,302,1849,1065,112,bbr,q043
2025-03-01T10:15:21Z,7245,PUT,/download/report.pdf,301,364,1564,66,cubic,q050
2025-03-01T10:15:41Z,8141,GET,/login,200,7127,46452,32,cubic,q046
2025-03-01T10:15:32Z,1774,DELETE,/login,429,380,3047,133,cubic,q043
2025-03-01T10:15:51Z,3679,POST,/download/report.pdf,302,150,1465,80,bbr,q050
2025-03-01T10:15:55Z,7059,PUT,/assets/app.js,206,7007,66327,47,cubic,q043
2025-03-01T10:15:20Z,4178,PUT,/login,200,3286,70604,39,cubic,q046
2025-03-01T10:14:15Z,8529,POST,/download/report.pdf,401,1418,2752,76,bbr,q043
2025-03-01T10:14:14Z,1214,PUT,/,302,2000,3469,14,cubic,q050
2025-03-01T10:15:11Z,8523,PUT,/index.html,206,5599,33505,32,bbr,q050
2025-03-01T10:14:26Z,615,POST,/api/order,302,1710,2576,83,bbr,q043
2025-03-01T10:16:06Z,9509,PUT,/api/user,200,3243,68979,34,bbr,q046
2025-03-01T10:14:39Z,8069,POST,/assets/app.js,301,1154,3500,44,bbr,q046
2025-03-01T10:15:30Z,5160,PUT,/login,206,3419,58606,23,bbr,q046
2025-03-01T10:15:05Z,6708,GET,/image/banner.jpg,200,6148,51680,30,bbr,q043
2025-03-01T10:14:53Z,264,GET,/download/report.pdf,301,1594,4957,39,bbr,q046
2025-03-01T10:15:25Z,5151,GET,/index.html,302,292,1125,60,cubic,q046
2025-03-01T10:14:55Z,9187,POST,/assets/style.css,200,9631,13789,53,cubic,q050
2025-03-01T10:16:22Z,8167,DELETE,/upload,500,1814,1736,42,bbr,q046
2025-03-01T10:14:59Z,4157,POST,/image/banner.jpg,206,6576,65684,48,cubic,q046
2025-03-01T10:15:22Z,3917,PUT,/,403,192,566,26,cubic,q043
2025-03-01T10:16:03Z,9672,DELETE,/download/report.pdf,502,1937,2004,87,bbr,q043
2025-03-01T10:16:18Z,4162,DELETE,/api/user,200,8412,7880,27,cubic,q043
2025-03-01T10:14:36Z,2161,DELETE,/login,500,708,118,113,bbr,q043
2025-03-01T10:16:12Z,960,DELETE,/login,206,4372,38716,14,bbr,q046
2025-03-01T10:14:57Z,6672,DELETE,/assets/style.css,429,1945,847,84,bbr,q043
2025-03-01T10:16:10Z,7909,PUT,/api/user,302,803,2136,51,cubic,q046
2025-03-01T10:15:31Z,9655,PUT,/download/report.pdf,200,5078,36722,40,bbr,q050
2025-03-01T10:14:57Z,5900,GET,/assets/style.css,404,1226,1954,44,bbr,q046
2025-03-01T10:16:40Z,3107,GET,/api/user,302,764,2298,77,bbr,q043
2025-03-01T10:16:13Z,7975,DELETE,/download/report.pdf,429,1215,3358,55,bbr,q043
2025-03-01T10:15:43Z,7249,GET,/upload,200,2438,73446,46,bbr,q050
2025-03-01T10:16:22Z,1920,DELETE,/api/order,429,110,1801,55,bbr,q046
2025-03-01T10:16:08Z,8373,GET,/upload,502,637,4092,50,bbr,q046
2025-03-01T10:16:11Z,4,GET,/login,500,427,2171,41,bbr,q046
2025-03-01T10:15:16Z,3322,DELETE,/login,206,7918,22921,62,bbr,q050
2025-03-01T10:16:29Z,8201,POST,/index.html,500,1658,2690,50,cubic,q046
2025-03-01T10:15:32Z,1187,PUT,/assets/app.js,404,716,1888,85,bbr,q050
2025-03-01T10:16:33Z,6618,DELETE,/api/order,403,1826,3425,72,bbr,q046
2025-03-01T10:15:07Z,9350,GET,/download/report.pdf,302,1468,753,95,bbr,q050
2025-03-01T10:16:54Z,2532,POST,/download/report.pdf,502,508,2628,99,cubic,q043
2025-03-01T10:15:13Z,2284,DELETE,/index.html,400,539,1853,67,bbr,q050
2025-03-01T10:14:55Z,4064,GET,/image/banner.jpg,401,1044,3514,44,cubic,q046
2025-03-01T10:15:57Z,1334,POST,/download/report.pdf,301,1717,940,112,bbr,q050
2025-03-01T10:15:30Z,4576,DELETE,/,403,469,421,85,cubic,q043
2025-03-01T10:15:45Z,9084,DELETE,/assets/style.css,200,3569,61627,7,cubic,q043
2025-03-01T10:15:22Z,3629,GET,/assets/style.css,302,1010,4790,120,cubic,q050
2025-03-01T10:15:32Z,2666,POST,/,302,972,3896,92,cubic,q046
2025-03-01T10:15:29Z,8361,POST,/upload,500,1997,1184,82,bbr,q046
2025-03-01T10:15:04Z,6686,PUT,/api/order,200,3831,28065,37,bbr,q043
2025-03-01T10:16:26Z,6430,PUT,/api/user,301,1543,4787,75,cubic,q050
2025-03-01T10:15:03Z,5383,GET,/,200,7607,16310,9,bbr,q046
2025-03-01T10:15:36Z,6543,PUT,/api/user,403,1902,3044,64,cubic,q050
2025-03-01T10:16:52Z,5676,PUT,/api/order,302,398,2307,55,bbr,q050
2025-03-01T10:16:51Z,4511,GET,/api/order,302,706,948,65,cubic,q050
2025-03-01T10:15:57Z,6073,POST,/assets/app.js,503,823,2717,50,cubic,q043
2025-03-01T10:15:54Z,2536,GET,/assets/style.css,502,1128,4856,6,bbr,q043
2025-03-01T10:15:45Z,7704,POST,/api/order,200,1761,3785,39,bbr,q046
2025-03-01T10:16:36Z,6014,DELETE,/index.html,206,9548,44406,18,bbr,q046
2025-03-01T10:15:00Z,4080,DELETE,/index.html,404,1754,2356,70,cubic,q050
2025-03-01T10:15:23Z,2306,DELETE,/,302,662,140,26,bbr,q043
2025-03-01T10:15:46Z,6598,DELETE,/api/user,302,830,406,55,cubic,q046
2025-03-01T10:15:00Z,5678,DELETE,/image/banner.jpg,206,5130,41409,28,cubic,q046
2025-03-01T10:16:40Z,4766,GET,/,502,1109,2986,49,cubic,q046
2025-03-01T10:16:15Z,5669,GET,/,302,712,1805,57,cubic,q043
2025-03-01T10:15:49Z,3870,PUT,/assets/app.js,503,1153,2649,94,cubic,q046
2025-03-01T10:16:25Z,6428,GET,/download/report.pdf,200,4059,29681,25,cubic,q050
2025-03-01T10:17:20Z,6616,POST,/api/order,403,611,1394,39,bbr,q050
2025-03-01T10:16:31Z,1780,POST,/assets/app.js,401,1117,1921,79,cubic,q050
2025-03-01T10:15:50Z,4004,POST,/api/order,302,847,4025,74,cubic,q050
2025-03-01T10:17:25Z,5656,GET,/upload,302,677,1639,47,cubic,q046
2025-03-01T10:16:56Z,9327,DELETE,/api/user,302,1355,3119,70,bbr,q046
2025-03-01T10:15:30Z,3256,POST,/assets/style.css,302,1245,1965,63,cubic,q043
2025-03-01T10:16:30Z,50,PUT,/download/report.pdf,404,841,2251,60,cubic,q043
2025-03-01T10:16:22Z,8169,POST,/api/order,500,1423,4561,49,cubic,q050
2025-03-01T10:17:33Z,5518,PUT,/api/user,503,307,3386,17,bbr,q046
2025-03-01T10:17:35Z,5079,POST,/api/user,400,469,1368,90,bbr,q046
2025-03-01T10:16:35Z,8065,PUT,/assets/style.css,401,1940,3581,27,cubic,q046
2025-03-01T10:15:40Z,9408,PUT,/upload,502,1103,4817,77,cubic,q043
2025-03-01T10:16:46Z,7705,DELETE,/download/report.pdf,301,1565,2269,29,cubic,q046
2025-03-01T10:15:49Z,9582,POST,/upload,401,1574,3521,19,cubic,q046
2025-03-01T10:16:24Z,9278,GET,/index.html,400,1653,862,64,cubic,q043
2025-03-01T10:15:33Z,4903,DELETE,/api/order,200,5204,67779,45,cubic,q046
2025-03-01T10:17:37Z,1260,DELETE,/assets/style.css,404,737,4151,53,bbr,q050
2025-03-01T10:15:36Z,6001,DELETE,/assets/style.css,206,8522,6013,27,cubic,q046
2025-03-01T10:15:30Z,29,PUT,/index.html,301,1215,1224,69,cubic,q046
2025-03-01T10:16:54Z,9400,POST,/api/user,502,253,4183,22,bbr,q043
2025-03-01T10:15:22Z,2699,GET,/api/user,400,627,4778,51,bbr,q050
2025-03-01T10:16:17Z,8813,DELETE,/api/user,200,7237,9308,6,bbr,q043
2025-03-01T10:16:38Z,6031,PUT,/assets/style.css,301,501,1616,21,bbr,q050
2025-03-01T10:17:47Z,3031,DELETE,/index.html,200,8761,26665,26,cubic,q050
2025-03-01T10:16:35Z,3131,DELETE,/assets/style.css,200,2964,69649,26,cubic,q043
2025-03-01T10:17:58Z,8821,POST,/login,301,1446,184,109,cubic,q043
2025-03-01T10:17:09Z,1325,DELETE,/api/user,302,911,4993,62,cubic,q046
2025-03-01T10:17:37Z,9043,DELETE,/image/banner.jpg,301,766,2665,1,cubic,q043
2025-03-01T10:16:10Z,4870,POST,/api/user,206,1814,59125,37,bbr,q050
2025-03-01T10:17:11Z,2223,POST,/assets/app.js,503,1860,1778,39,bbr,q043
2025-03-01T10:15:32Z,9486,GET,/index.html,200,4478,20634,58,cubic,q043
2025-03-01T10:15:59Z,6740,DELETE,/download/report.pdf,206,7500,70271,26,bbr,q050
2025-03-01T10:16:29Z,3915,DELETE,/upload,400,695,1396,107,cubic,q046
2025-03-01T10:16:40Z,418,GET,/api/user,200,6709,823,32,bbr,q046
2025-03-01T10:16:36Z,2462,DELETE,/api/user,200,5506,10323,27,cubic,q050
2025-03-01T10:17:40Z,9118,GET,/api/user,401,1746,1659,93,bbr,q050
2025-03-01T10:18:11Z,4729,GET,/login,200,3502,12611,29,cubic,q043
2025-03-01T10:16:27Z,3776,POST,/login,403,1692,199,86,cubic,q050
2025-03-01T10:16:44Z,7779,DELETE,/assets/style.css,429,970,3290,91,cubic,q050
2025-03-01T10:17:13Z,7930,GET,/assets/app.js,404,1033,2791,54,bbr,q050
2025-03-01T10:18:01Z,6782,PUT,/index.html,500,1039,2987,68,cubic,q043
2025-03-01T10:16:10Z,1912,DELETE,/api/order,301,1213,3166,54,cubic,q050
2025-03-01T10:18:02Z,7974,GET,/upload,404,174,3329,29,cubic,q043
2025-03-01T10:17:59Z,9019,PUT,/image/banner.jpg,403,764,153,23,cubic,q050
2025-03-01T10:18:15Z,5051,PUT,/image/banner.jpg,400,1137,4628,47,bbr,q050
2025-03-01T10:17:01Z,1661,DELETE,/assets/style.css,503,407,4162,51,bbr,q050
2025-03-01T10:18:15Z,9415,PUT,/login,206,4623,49764,51,cubic,q050
2025-03-01T10:16:55Z,2821,GET,/login,503,1522,4603,42,bbr,q050
2025-03-01T10:18:09Z,1066,DELETE,/login,429,366,1047,66,bbr,q043
2025-03-01T10:17:26Z,2091,GET,/image/banner.jpg,302,143,2138,83,bbr,q050
2025-03-01T10:17:37Z,7345,PUT,/api/user,502,1535,1375,62,bbr,q046
2025-03-01T10:16:33Z,2094,GET,/assets/app.js,503,1989,2048,61,bbr,q043
2025-03-01T10:17:55Z,8123,POST,/index.html,500,457,4980,69,cubic,q043
2025-03-01T10:16:41Z,887,POST,/api/user,502,516,3476,65,bbr,q043
2025-03-01T10:16:20Z,8721,GET,/assets/app.js,500,112,4532,75,bbr,q043
2025-03-01T10:17:11Z,6095,DELETE,/image/banner.jpg,429,263,4439,3,cubic,q050
2025-03-01T10:16:55Z,6000,DELETE,/image/banner.jpg,401,1009,1525,87,bbr,q043
2025-03-01T10:18:23Z,7460,POST,/api/user,206,5727,55253,67,cubic,q050
2025-03-01T10:17:04Z,7403,GET,/index.html,302,903,871,36,cubic,q046
2025-03-01T10:17:06Z,7955,GET,/login,400,336,1050,114,bbr,q050
2025-03-01T10:18:29Z,4837,PUT,/api/order,400,1495,4927,68,cubic,q046
2025-03-01T10:17:06Z,7462,POST,/,301,1751,395,121,cubic,q050
2025-03-01T10:16:55Z,7103,DELETE,/api/user,302,1655,559,76,cubic,q043
2025-03-01T10:16:15Z,2470,POST,/api/user,500,596,4320,96,bbr,q046
2025-03-01T10:18:30Z,872,GET,/api/user,302,330,1820,59,cubic,q046
2025-03-01T10:18:35Z,3489,GET,/assets/style.css,502,1600,2590,60,bbr,q046
2025-03-01T10:17:06Z,4818,DELETE,/image/banner.jpg,301,1888,3347,103,bbr,q050
2025-03-01T10:16:28Z,6299,DELETE,/download/report.pdf,200,7270,40026,50,cubic,q046
2025-03-01T10:18:06Z,5100,POST,/assets/app.js,302,219,4348,69,bbr,q050
2025-03-01T10:17:42Z,3594,GET,/,301,1240,1321,109,cubic,q050
2025-03-01T10:18:06Z,9026,GET,/assets/app.js,206,8699,6959,31,bbr,q050
2025-03-01T10:18:35Z,9897,DELETE,/assets/style.css,503,362,1367,85,cubic,q046
2025-03-01T10:17:04Z,1760,DELETE,/api/order,302,949,4733,73,cubic,q043
2025-03-01T10:16:02Z,6892,GET,/image/banner.jpg,403,1998,2602,89,bbr,q050
2025-03-01T10:18:29Z,785,PUT,/upload,301,372,4586,45,cubic,q046
2025-03-01T10:17:31Z,9939,PUT,/upload,401,816,3280,101,cubic,q050
2025-03-01T10:17:01Z,191,DELETE,/api/user,401,1122,2259,33,cubic,q046
2025-03-01T10:16:27Z,7859,POST,/login,429,1476,4861,83,cubic,q050
2025-03-01T10:16:10Z,6570,POST,/download/report.pdf,200,6710,79250,50,cubic,q043
2025-03-01T10:18:54Z,1985,DELETE,/,400,1766,3220,42,bbr,q043
2025-03-01T10:18:50Z,7174,PUT,/upload,302,1167,3279,86,bbr,q050
2025-03-01T10:17:52Z,9537,POST,/image/banner.jpg,500,557,2635,46,cubic,q043
2025-03-01T10:17:15Z,2005,GET,/upload,301,393,2895,80,bbr,q050
2025-03-01T10:16:59Z,5090,POST,/assets/style.css,302,202,1757,54,bbr,q046
2025-03-01T10:18:37Z,5942,DELETE,/assets/app.js,301,1777,4582,23,cubic,q043
2025-03-01T10:18:32Z,7386,GET,/index.html,200,3715,45650,36,bbr,q043
2025-03-01T10:17:31Z,430,PUT,/login,401,335,4434,116,bbr,q050
2025-03-01T10:17:10Z,5067,PUT,/upload,301,304,4137,15,cubic,q050
2025-03-01T10:16:40Z,7594,DELETE,/assets/style.css,206,1018,54177,29,cubic,q050
2025-03-01T10:18:46Z,2738,PUT,/,301,960,4418,67,cubic,q050
2025-03-01T10:17:12Z,5075,PUT,/login,403,1898,3537,57,bbr,q046
2025-03-01T10:17:32Z,570,GET,/login,400,556,3388,48,cubic,q046
2025-03-01T10:17:29Z,1091,PUT,/login,500,1842,4782,44,cubic,q050
2025-03-01T10:16:21Z,6729,POST,/index.html,503,1073,3952
2025-03-01T10:18:48Z,6105,POST,/download/report.pdf,404,1616,3095,112,cubic,q050
2025-03-01T10:18:14Z,6808,PUT,/assets/app.js,403,1586,490,96,cubic,q046
2025-03-01T10:18:43Z,2985,PUT,/upload,206,9523,47224,54,cubic,q043
2025-03-01T10:18:03Z,5608,DELETE,/download/report.pdf,206,6648,48030,20,bbr,q050
2025-03-01T10:16:43Z,7383,POST,/assets/app.js,301,926,1134,38,bbr,q043
2025-03-01T10:16:25Z,6499,GET,/image/banner.jpg,200,2478,24775,40,cubic,q050
2025-03-01T10:17:44Z,1101,POST,/api/user,302,1700,4056,55,cubic,q043
2025-03-01T10:18:50Z,4559,DELETE,/assets/style.css,206,2238,9188,57,cubic,q046
2025-03-01T10:18:01Z,1215,PUT,/image/banner.jpg,403,378,1748,12,bbr,q050
2025-03-01T10:16:59Z,8969,DELETE,/index.html,301,662,3658,34,cubic,q043
2025-03-01T10:18:19Z,3316,DELETE,/image/banner.jpg,200,788,39687,23,bbr,q046
2025-03-01T10:17:39Z,3243,POST,/api/user,206,5074,55551,72,cubic,q046
2025-03-01T10:17:08Z,3112,PUT,/api/user,302,1819,3261,86,cubic,q043
2025-03-01T10:18:26Z,5443,POST,/image/banner.jpg,302,775,3202,57,bbr,q050
2025-03-01T10:17:31Z,4380,GET,/login,301,1878,1183,63,cubic,q046
2025-03-01T10:18:24Z,8845,GET,/,200,2686,72636,26,cubic,q050
2025-03-01T10:18:57Z,543,GET,/assets/style.css,400,1912,1857,14,cubic,q050
2025-03-01T10:19:19Z,9677,DELETE,/,302,1942,1204,116,bbr,q046
2025-03-01T10:17:33Z,4257,PUT,/,301,583,3737,44,bbr,q046
2025-03-01T10:17:35Z,7780,POST,/api/user,401,1619,3416,37,bbr,q046
2025-03-01T10:17:47Z,6384,POST,/api/user,301,1836,3968,42,bbr,q046
2025-03-01T10:17:48Z,253,DELETE,/assets/app.js,404,852,990,72,bbr,q043
2025-03-01T10:18:27Z,6184,GET,/api/user,301,518,2846,67,cubic,q050
2025-03-01T10:17:00Z,2573,DELETE,/download/report.pdf,302,1398,2331,73,cubic,q043
2025-03-01T10:17:47Z,6065,DELETE,/image/banner.jpg,301,486
2025-03-01T10:17:51Z,3294,GET,/image/banner.jpg,301,157,3440,85,bbr,q043
2025-03-01T10:19:19Z,2149,PUT,/download/report.pdf,302,1596,4033,61,cubic,q050
2025-03-01T10:19:17Z,2373,POST,/image/banner.jpg,200,8043,6965,19,bbr,q050
2025-03-01T10:17:28Z,9002,POST,/assets/style.css,206,1422,71678,28,cubic,q043
2025-03-01T10:18:14Z,9931,PUT,/image/banner.jpg,301,1492,3303,22,cubic,q050
2025-03-01T10:17:44Z,1830,GET,/download/report.pdf,400,1854,2079,100,cubic,q043
###BAD_LINE### 2025-03-01T10:19:23Z,5290,
